2020-11-12 17:30:20,273:INFO:PyCaret Supervised Module
2020-11-12 17:30:20,273:INFO:ML Usecase: classification
2020-11-12 17:30:20,274:INFO:version 2.2.1
2020-11-12 17:30:20,274:INFO:Initializing setup()
2020-11-12 17:30:20,274:INFO:setup(display=None, profile_kwargs=None, profile=False, verbose=True, silent=False, log_data=False, log_profile=False, log_plots=False, experiment_name=None, log_experiment=False, session_id=None, html=True, custom_pipeline=None, use_gpu=False, n_jobs=-1, fold_groups=None, fold_shuffle=False, fold=10, fold_strategy=stratifiedkfold, data_split_stratify=False, data_split_shuffle=True, transform_target_method=box-cox, transform_target=False, fix_imbalance_method=None, fix_imbalance=False, interaction_threshold=0.01, feature_ratio=False, feature_interaction=False, feature_selection_method=classic, feature_selection_threshold=0.8, feature_selection=False, group_names=None, group_features=None, polynomial_threshold=0.1, trigonometry_features=False, polynomial_degree=2, polynomial_features=False, cluster_iter=20, create_clusters=False, remove_perfect_collinearity=True, multicollinearity_threshold=0.9, remove_multicollinearity=False, outliers_threshold=0.05, remove_outliers=False, bin_numeric_features=None, rare_level_threshold=0.1, combine_rare_levels=False, ignore_low_variance=False, pca_components=None, pca_method=linear, pca=False, unknown_categorical_method=least_frequent, handle_unknown_categorical=True, transformation_method=yeo-johnson, transformation=False, normalize_method=zscore, normalize=False, ignore_features=None, date_features=None, numeric_iterative_imputer=lightgbm, numeric_imputation=mean, numeric_features=None, high_cardinality_method=frequency, high_cardinality_features=None, ordinal_features=None, categorical_iterative_imputer=lightgbm, categorical_imputation=constant, categorical_features=None, iterative_imputation_iters=5, imputation_type=simple, preprocess=True, test_data=None, train_size=0.7, available_plots={'parameter': 'Hyperparameters', 'auc': 'AUC', 'confusion_matrix': 'Confusion Matrix', 'threshold': 'Threshold', 'pr': 'Precision Recall', 'error': 'Prediction Error', 'class_report': 'Class Report', 'rfe': 'Feature Selection', 'learning': 'Learning Curve', 'manifold': 'Manifold Learning', 'calibration': 'Calibration Curve', 'vc': 'Validation Curve', 'dimension': 'Dimensions', 'feature': 'Feature Importance', 'feature_all': 'Feature Importance (All)', 'boundary': 'Decision Boundary', 'lift': 'Lift Chart', 'gain': 'Gain Chart', 'tree': 'Decision Tree'}, ml_usecase=classification, target=voted)
2020-11-12 17:30:20,275:INFO:Checking environment
2020-11-12 17:30:20,275:INFO:python_version: 3.6.10
2020-11-12 17:30:20,275:INFO:python_build: ('default', 'Mar 23 2020 17:58:33')
2020-11-12 17:30:20,275:INFO:machine: AMD64
2020-11-12 17:30:20,276:INFO:platform: Windows-10-10.0.18362-SP0
2020-11-12 17:30:20,276:INFO:Memory: svmem(total=17005105152, available=9090056192, percent=46.5, used=7915048960, free=9090056192)
2020-11-12 17:30:20,276:INFO:Physical Core: 4
2020-11-12 17:30:20,276:INFO:Logical Core: 8
2020-11-12 17:30:20,276:INFO:Checking libraries
2020-11-12 17:30:20,276:INFO:pd==1.0.3
2020-11-12 17:30:20,276:INFO:numpy==1.17.4
2020-11-12 17:30:20,277:INFO:sklearn==0.23.2
2020-11-12 17:30:22,658:INFO:xgboost==1.1.0
2020-11-12 17:30:22,658:INFO:lightgbm==2.3.1
2020-11-12 17:30:22,705:INFO:catboost==0.24.2
2020-11-12 17:30:24,651:INFO:mlflow==1.12.0
2020-11-12 17:30:24,651:INFO:Checking Exceptions
2020-11-12 17:30:24,654:INFO:Declaring global variables
2020-11-12 17:30:24,654:INFO:USI: 99ce
2020-11-12 17:30:24,654:INFO:pycaret_globals: {'experiment__', 'master_model_container', 'X_train', 'data_before_preprocess', 'logging_param', 'pycaret_globals', 'display_container', 'stratify_param', 'fold_param', 'target_param', '_all_models_internal', 'exp_name_log', 'y', 'y_train', 'create_model_container', 'seed', '_available_plots', 'fold_groups_param', '_ml_usecase', 'X', 'gpu_param', 'fix_imbalance_method_param', 'y_test', '_gpu_n_jobs_param', '_all_models', 'n_jobs_param', 'html_param', '_all_metrics', 'imputation_classifier', 'USI', '_internal_pipeline', 'prep_pipe', 'transform_target_param', 'log_plots_param', 'transform_target_method_param', 'imputation_regressor', 'iterative_imputation_iters_param', 'fold_shuffle_param', 'fix_imbalance_param', 'X_test', 'fold_generator'}
2020-11-12 17:30:24,654:INFO:Preparing display monitor
2020-11-12 17:30:24,654:INFO:Preparing display monitor
2020-11-12 17:30:24,684:INFO:Importing libraries
2020-11-12 17:30:24,684:INFO:Copying data for preprocessing
2020-11-12 17:30:24,720:INFO:Declaring preprocessing parameters
2020-11-12 17:30:24,763:INFO:Creating preprocessing pipeline
2020-11-12 17:30:25,319:INFO:Preprocessing pipeline created successfully
2020-11-12 17:30:25,320:ERROR:(Process Exit): setup has been interupted with user command 'quit'. setup must rerun.
2020-11-12 17:30:25,320:INFO:Creating global containers
2020-11-12 17:30:25,322:INFO:Internal pipeline: Pipeline(memory=None, steps=[('empty_step', 'passthrough')], verbose=False)
2020-11-12 17:31:04,324:INFO:Creating grid variables
2020-11-12 17:31:04,401:INFO:create_model_container: 0
2020-11-12 17:31:04,401:INFO:master_model_container: 0
2020-11-12 17:31:04,402:INFO:display_container: 0
2020-11-12 17:31:04,410:INFO:Pipeline(memory=None,
         steps=[('dtypes',
                 DataTypes_Auto_infer(categorical_features=[],
                                      display_types=True, features_todrop=[],
                                      id_columns=['index'],
                                      ml_usecase='classification',
                                      numerical_features=[], target='voted',
                                      time_features=[])),
                ('imputer',
                 Simple_Imputer(categorical_strategy='not_available',
                                fill_value_categorical=None,
                                fill_value_numerical=None,
                                numeric...
                ('scaling', 'passthrough'), ('P_transform', 'passthrough'),
                ('binn', 'passthrough'), ('rem_outliers', 'passthrough'),
                ('cluster_all', 'passthrough'),
                ('dummy', Dummify(target='voted')),
                ('fix_perfect', Remove_100(target='voted')),
                ('clean_names', Clean_Colum_Names()),
                ('feature_select', 'passthrough'), ('fix_multi', 'passthrough'),
                ('dfs', 'passthrough'), ('pca', 'passthrough')],
         verbose=False)
2020-11-12 17:31:04,410:INFO:setup() succesfully completed......................................
2020-11-12 17:31:50,269:INFO:Initializing compare_models()
2020-11-12 17:31:50,270:INFO:compare_models(display=None, verbose=True, groups=None, fit_kwargs=None, errors=ignore, turbo=True, budget_time=None, n_select=3, sort=AUC, cross_validation=True, round=4, fold=None, include=None, exclude=None)
2020-11-12 17:31:50,270:INFO:Checking exceptions
2020-11-12 17:31:50,274:INFO:Preparing display monitor
2020-11-12 17:31:50,274:INFO:Preparing display monitor
2020-11-12 17:31:50,331:INFO:Initializing Logistic Regression
2020-11-12 17:31:50,332:INFO:Total runtime is 1.663366953531901e-05 minutes
2020-11-12 17:31:50,346:INFO:SubProcess create_model() called ==================================
2020-11-12 17:31:50,347:INFO:Initializing create_model()
2020-11-12 17:31:50,347:INFO:create_model(kwargs={}, display=<pycaret.internal.Display.Display object at 0x000001333D360F98>, metrics=None, system=False, verbose=False, refit=False, groups=None, fit_kwargs={}, predict=True, cross_validation=True, round=4, fold=StratifiedKFold(n_splits=10, random_state=1851, shuffle=False), estimator=lr)
2020-11-12 17:31:50,347:INFO:Checking exceptions
2020-11-12 17:31:50,347:INFO:Importing libraries
2020-11-12 17:31:50,348:INFO:Copying training dataset
2020-11-12 17:31:50,364:INFO:Defining folds
2020-11-12 17:31:50,365:INFO:Declaring metric variables
2020-11-12 17:31:50,378:INFO:Importing untrained model
2020-11-12 17:31:50,394:INFO:Logistic Regression Imported succesfully
2020-11-12 17:31:50,428:INFO:Starting cross validation
2020-11-12 17:31:50,429:INFO:Cross validating with StratifiedKFold(n_splits=10, random_state=1851, shuffle=False), n_jobs=-1
2020-11-12 17:32:17,866:INFO:Calculating mean and std
2020-11-12 17:32:17,869:INFO:Creating metrics dataframe
2020-11-12 17:32:17,878:INFO:Uploading results into container
2020-11-12 17:32:17,878:INFO:Uploading model into container now
2020-11-12 17:32:17,879:INFO:create_model_container: 1
2020-11-12 17:32:17,879:INFO:master_model_container: 1
2020-11-12 17:32:17,879:INFO:display_container: 1
2020-11-12 17:32:17,879:INFO:LogisticRegression(C=1.0, class_weight=None, dual=False, fit_intercept=True,
                   intercept_scaling=1, l1_ratio=None, max_iter=1000,
                   multi_class='auto', n_jobs=None, penalty='l2',
                   random_state=1851, solver='lbfgs', tol=0.0001, verbose=0,
                   warm_start=False)
2020-11-12 17:32:17,880:INFO:create_model() succesfully completed......................................
2020-11-12 17:32:17,957:INFO:SubProcess create_model() end ==================================
2020-11-12 17:32:17,958:INFO:Creating metrics dataframe
2020-11-12 17:32:17,977:INFO:Initializing K Neighbors Classifier
2020-11-12 17:32:17,978:INFO:Total runtime is 0.4607806881268819 minutes
2020-11-12 17:32:17,991:INFO:SubProcess create_model() called ==================================
2020-11-12 17:32:17,992:INFO:Initializing create_model()
2020-11-12 17:32:17,992:INFO:create_model(kwargs={}, display=<pycaret.internal.Display.Display object at 0x000001333D360F98>, metrics=None, system=False, verbose=False, refit=False, groups=None, fit_kwargs={}, predict=True, cross_validation=True, round=4, fold=StratifiedKFold(n_splits=10, random_state=1851, shuffle=False), estimator=knn)
2020-11-12 17:32:17,992:INFO:Checking exceptions
2020-11-12 17:32:17,992:INFO:Importing libraries
2020-11-12 17:32:17,992:INFO:Copying training dataset
2020-11-12 17:32:18,009:INFO:Defining folds
2020-11-12 17:32:18,009:INFO:Declaring metric variables
2020-11-12 17:32:18,020:INFO:Importing untrained model
2020-11-12 17:32:18,035:INFO:K Neighbors Classifier Imported succesfully
2020-11-12 17:32:18,059:INFO:Starting cross validation
2020-11-12 17:32:18,060:INFO:Cross validating with StratifiedKFold(n_splits=10, random_state=1851, shuffle=False), n_jobs=-1
2020-11-12 17:34:47,113:INFO:Calculating mean and std
2020-11-12 17:34:47,118:INFO:Creating metrics dataframe
2020-11-12 17:34:47,137:INFO:Uploading results into container
2020-11-12 17:34:47,138:INFO:Uploading model into container now
2020-11-12 17:34:47,139:INFO:create_model_container: 2
2020-11-12 17:34:47,139:INFO:master_model_container: 2
2020-11-12 17:34:47,140:INFO:display_container: 1
2020-11-12 17:34:47,141:INFO:KNeighborsClassifier(algorithm='auto', leaf_size=30, metric='minkowski',
                     metric_params=None, n_jobs=-1, n_neighbors=5, p=2,
                     weights='uniform')
2020-11-12 17:34:47,142:INFO:create_model() succesfully completed......................................
2020-11-12 17:34:47,254:INFO:SubProcess create_model() end ==================================
2020-11-12 17:34:47,255:INFO:Creating metrics dataframe
2020-11-12 17:34:47,278:INFO:Initializing Naive Bayes
2020-11-12 17:34:47,278:INFO:Total runtime is 2.9491092403729757 minutes
2020-11-12 17:34:47,290:INFO:SubProcess create_model() called ==================================
2020-11-12 17:34:47,291:INFO:Initializing create_model()
2020-11-12 17:34:47,291:INFO:create_model(kwargs={}, display=<pycaret.internal.Display.Display object at 0x000001333D360F98>, metrics=None, system=False, verbose=False, refit=False, groups=None, fit_kwargs={}, predict=True, cross_validation=True, round=4, fold=StratifiedKFold(n_splits=10, random_state=1851, shuffle=False), estimator=nb)
2020-11-12 17:34:47,291:INFO:Checking exceptions
2020-11-12 17:34:47,291:INFO:Importing libraries
2020-11-12 17:34:47,291:INFO:Copying training dataset
2020-11-12 17:34:47,307:INFO:Defining folds
2020-11-12 17:34:47,307:INFO:Declaring metric variables
2020-11-12 17:34:47,319:INFO:Importing untrained model
2020-11-12 17:34:47,332:INFO:Naive Bayes Imported succesfully
2020-11-12 17:34:47,356:INFO:Starting cross validation
2020-11-12 17:34:47,357:INFO:Cross validating with StratifiedKFold(n_splits=10, random_state=1851, shuffle=False), n_jobs=-1
2020-11-12 17:34:48,150:INFO:Calculating mean and std
2020-11-12 17:34:48,154:INFO:Creating metrics dataframe
2020-11-12 17:34:48,173:INFO:Uploading results into container
2020-11-12 17:34:48,173:INFO:Uploading model into container now
2020-11-12 17:34:48,174:INFO:create_model_container: 3
2020-11-12 17:34:48,174:INFO:master_model_container: 3
2020-11-12 17:34:48,175:INFO:display_container: 1
2020-11-12 17:34:48,175:INFO:GaussianNB(priors=None, var_smoothing=1e-09)
2020-11-12 17:34:48,176:INFO:create_model() succesfully completed......................................
2020-11-12 17:34:48,260:INFO:SubProcess create_model() end ==================================
2020-11-12 17:34:48,260:INFO:Creating metrics dataframe
2020-11-12 17:34:48,292:INFO:Initializing Decision Tree Classifier
2020-11-12 17:34:48,292:INFO:Total runtime is 2.9660070260365803 minutes
2020-11-12 17:34:48,306:INFO:SubProcess create_model() called ==================================
2020-11-12 17:34:48,306:INFO:Initializing create_model()
2020-11-12 17:34:48,307:INFO:create_model(kwargs={}, display=<pycaret.internal.Display.Display object at 0x000001333D360F98>, metrics=None, system=False, verbose=False, refit=False, groups=None, fit_kwargs={}, predict=True, cross_validation=True, round=4, fold=StratifiedKFold(n_splits=10, random_state=1851, shuffle=False), estimator=dt)
2020-11-12 17:34:48,307:INFO:Checking exceptions
2020-11-12 17:34:48,307:INFO:Importing libraries
2020-11-12 17:34:48,307:INFO:Copying training dataset
2020-11-12 17:34:48,323:INFO:Defining folds
2020-11-12 17:34:48,324:INFO:Declaring metric variables
2020-11-12 17:34:48,335:INFO:Importing untrained model
2020-11-12 17:34:48,350:INFO:Decision Tree Classifier Imported succesfully
2020-11-12 17:34:48,379:INFO:Starting cross validation
2020-11-12 17:34:48,380:INFO:Cross validating with StratifiedKFold(n_splits=10, random_state=1851, shuffle=False), n_jobs=-1
2020-11-12 17:34:55,916:INFO:Calculating mean and std
2020-11-12 17:34:55,918:INFO:Creating metrics dataframe
2020-11-12 17:34:55,926:INFO:Uploading results into container
2020-11-12 17:34:55,926:INFO:Uploading model into container now
2020-11-12 17:34:55,927:INFO:create_model_container: 4
2020-11-12 17:34:55,927:INFO:master_model_container: 4
2020-11-12 17:34:55,927:INFO:display_container: 1
2020-11-12 17:34:55,927:INFO:DecisionTreeClassifier(ccp_alpha=0.0, class_weight=None, criterion='gini',
                       max_depth=None, max_features=None, max_leaf_nodes=None,
                       min_impurity_decrease=0.0, min_impurity_split=None,
                       min_samples_leaf=1, min_samples_split=2,
                       min_weight_fraction_leaf=0.0, presort='deprecated',
                       random_state=1851, splitter='best')
2020-11-12 17:34:55,927:INFO:create_model() succesfully completed......................................
2020-11-12 17:34:56,010:INFO:SubProcess create_model() end ==================================
2020-11-12 17:34:56,010:INFO:Creating metrics dataframe
2020-11-12 17:34:56,048:INFO:Initializing SVM - Linear Kernel
2020-11-12 17:34:56,048:INFO:Total runtime is 3.0952807029088336 minutes
2020-11-12 17:34:56,063:INFO:SubProcess create_model() called ==================================
2020-11-12 17:34:56,064:INFO:Initializing create_model()
2020-11-12 17:34:56,064:INFO:create_model(kwargs={}, display=<pycaret.internal.Display.Display object at 0x000001333D360F98>, metrics=None, system=False, verbose=False, refit=False, groups=None, fit_kwargs={}, predict=True, cross_validation=True, round=4, fold=StratifiedKFold(n_splits=10, random_state=1851, shuffle=False), estimator=svm)
2020-11-12 17:34:56,064:INFO:Checking exceptions
2020-11-12 17:34:56,065:INFO:Importing libraries
2020-11-12 17:34:56,065:INFO:Copying training dataset
2020-11-12 17:34:56,082:INFO:Defining folds
2020-11-12 17:34:56,082:INFO:Declaring metric variables
2020-11-12 17:34:56,096:INFO:Importing untrained model
2020-11-12 17:34:56,111:INFO:SVM - Linear Kernel Imported succesfully
2020-11-12 17:34:56,139:INFO:Starting cross validation
2020-11-12 17:34:56,140:INFO:Cross validating with StratifiedKFold(n_splits=10, random_state=1851, shuffle=False), n_jobs=-1
2020-11-12 17:34:58,156:INFO:Calculating mean and std
2020-11-12 17:34:58,159:INFO:Creating metrics dataframe
2020-11-12 17:34:58,166:INFO:Uploading results into container
2020-11-12 17:34:58,167:INFO:Uploading model into container now
2020-11-12 17:34:58,167:INFO:create_model_container: 5
2020-11-12 17:34:58,167:INFO:master_model_container: 5
2020-11-12 17:34:58,167:INFO:display_container: 1
2020-11-12 17:34:58,168:INFO:SGDClassifier(alpha=0.0001, average=False, class_weight=None,
              early_stopping=False, epsilon=0.1, eta0=0.001, fit_intercept=True,
              l1_ratio=0.15, learning_rate='optimal', loss='hinge',
              max_iter=1000, n_iter_no_change=5, n_jobs=-1, penalty='l2',
              power_t=0.5, random_state=1851, shuffle=True, tol=0.001,
              validation_fraction=0.1, verbose=0, warm_start=False)
2020-11-12 17:34:58,168:INFO:create_model() succesfully completed......................................
2020-11-12 17:34:58,258:INFO:SubProcess create_model() end ==================================
2020-11-12 17:34:58,258:INFO:Creating metrics dataframe
2020-11-12 17:34:58,303:INFO:Initializing Ridge Classifier
2020-11-12 17:34:58,304:INFO:Total runtime is 3.132883369922638 minutes
2020-11-12 17:34:58,321:INFO:SubProcess create_model() called ==================================
2020-11-12 17:34:58,321:INFO:Initializing create_model()
2020-11-12 17:34:58,321:INFO:create_model(kwargs={}, display=<pycaret.internal.Display.Display object at 0x000001333D360F98>, metrics=None, system=False, verbose=False, refit=False, groups=None, fit_kwargs={}, predict=True, cross_validation=True, round=4, fold=StratifiedKFold(n_splits=10, random_state=1851, shuffle=False), estimator=ridge)
2020-11-12 17:34:58,322:INFO:Checking exceptions
2020-11-12 17:34:58,322:INFO:Importing libraries
2020-11-12 17:34:58,322:INFO:Copying training dataset
2020-11-12 17:34:58,341:INFO:Defining folds
2020-11-12 17:34:58,341:INFO:Declaring metric variables
2020-11-12 17:34:58,355:INFO:Importing untrained model
2020-11-12 17:34:58,370:INFO:Ridge Classifier Imported succesfully
2020-11-12 17:34:58,401:INFO:Starting cross validation
2020-11-12 17:34:58,402:INFO:Cross validating with StratifiedKFold(n_splits=10, random_state=1851, shuffle=False), n_jobs=-1
2020-11-12 17:34:59,497:INFO:Calculating mean and std
2020-11-12 17:34:59,501:INFO:Creating metrics dataframe
2020-11-12 17:34:59,522:INFO:Uploading results into container
2020-11-12 17:34:59,522:INFO:Uploading model into container now
2020-11-12 17:34:59,523:INFO:create_model_container: 6
2020-11-12 17:34:59,523:INFO:master_model_container: 6
2020-11-12 17:34:59,523:INFO:display_container: 1
2020-11-12 17:34:59,525:INFO:RidgeClassifier(alpha=1.0, class_weight=None, copy_X=True, fit_intercept=True,
                max_iter=None, normalize=False, random_state=1851,
                solver='auto', tol=0.001)
2020-11-12 17:34:59,525:INFO:create_model() succesfully completed......................................
2020-11-12 17:34:59,618:INFO:SubProcess create_model() end ==================================
2020-11-12 17:34:59,618:INFO:Creating metrics dataframe
2020-11-12 17:34:59,666:INFO:Initializing Random Forest Classifier
2020-11-12 17:34:59,666:INFO:Total runtime is 3.155581263701121 minutes
2020-11-12 17:34:59,681:INFO:SubProcess create_model() called ==================================
2020-11-12 17:34:59,682:INFO:Initializing create_model()
2020-11-12 17:34:59,682:INFO:create_model(kwargs={}, display=<pycaret.internal.Display.Display object at 0x000001333D360F98>, metrics=None, system=False, verbose=False, refit=False, groups=None, fit_kwargs={}, predict=True, cross_validation=True, round=4, fold=StratifiedKFold(n_splits=10, random_state=1851, shuffle=False), estimator=rf)
2020-11-12 17:34:59,682:INFO:Checking exceptions
2020-11-12 17:34:59,682:INFO:Importing libraries
2020-11-12 17:34:59,682:INFO:Copying training dataset
2020-11-12 17:34:59,698:INFO:Defining folds
2020-11-12 17:34:59,699:INFO:Declaring metric variables
2020-11-12 17:34:59,715:INFO:Importing untrained model
2020-11-12 17:34:59,732:INFO:Random Forest Classifier Imported succesfully
2020-11-12 17:34:59,770:INFO:Starting cross validation
2020-11-12 17:34:59,770:INFO:Cross validating with StratifiedKFold(n_splits=10, random_state=1851, shuffle=False), n_jobs=-1
2020-11-12 17:35:43,544:INFO:Calculating mean and std
2020-11-12 17:35:43,547:INFO:Creating metrics dataframe
2020-11-12 17:35:43,566:INFO:Uploading results into container
2020-11-12 17:35:43,566:INFO:Uploading model into container now
2020-11-12 17:35:43,566:INFO:create_model_container: 7
2020-11-12 17:35:43,567:INFO:master_model_container: 7
2020-11-12 17:35:43,567:INFO:display_container: 1
2020-11-12 17:35:43,569:INFO:RandomForestClassifier(bootstrap=True, ccp_alpha=0.0, class_weight=None,
                       criterion='gini', max_depth=None, max_features='auto',
                       max_leaf_nodes=None, max_samples=None,
                       min_impurity_decrease=0.0, min_impurity_split=None,
                       min_samples_leaf=1, min_samples_split=2,
                       min_weight_fraction_leaf=0.0, n_estimators=100,
                       n_jobs=-1, oob_score=False, random_state=1851, verbose=0,
                       warm_start=False)
2020-11-12 17:35:43,569:INFO:create_model() succesfully completed......................................
2020-11-12 17:35:43,713:INFO:SubProcess create_model() end ==================================
2020-11-12 17:35:43,713:INFO:Creating metrics dataframe
2020-11-12 17:35:43,842:INFO:Initializing Quadratic Discriminant Analysis
2020-11-12 17:35:43,842:INFO:Total runtime is 3.891840207576752 minutes
2020-11-12 17:35:43,872:INFO:SubProcess create_model() called ==================================
2020-11-12 17:35:43,873:INFO:Initializing create_model()
2020-11-12 17:35:43,874:INFO:create_model(kwargs={}, display=<pycaret.internal.Display.Display object at 0x000001333D360F98>, metrics=None, system=False, verbose=False, refit=False, groups=None, fit_kwargs={}, predict=True, cross_validation=True, round=4, fold=StratifiedKFold(n_splits=10, random_state=1851, shuffle=False), estimator=qda)
2020-11-12 17:35:43,874:INFO:Checking exceptions
2020-11-12 17:35:43,875:INFO:Importing libraries
2020-11-12 17:35:43,875:INFO:Copying training dataset
2020-11-12 17:35:43,904:INFO:Defining folds
2020-11-12 17:35:43,905:INFO:Declaring metric variables
2020-11-12 17:35:43,935:INFO:Importing untrained model
2020-11-12 17:35:43,964:INFO:Quadratic Discriminant Analysis Imported succesfully
2020-11-12 17:35:44,029:INFO:Starting cross validation
2020-11-12 17:35:44,031:INFO:Cross validating with StratifiedKFold(n_splits=10, random_state=1851, shuffle=False), n_jobs=-1
2020-11-12 17:35:52,416:INFO:Calculating mean and std
2020-11-12 17:35:52,419:INFO:Creating metrics dataframe
2020-11-12 17:35:52,435:INFO:Uploading results into container
2020-11-12 17:35:52,436:INFO:Uploading model into container now
2020-11-12 17:35:52,436:INFO:create_model_container: 8
2020-11-12 17:35:52,436:INFO:master_model_container: 8
2020-11-12 17:35:52,436:INFO:display_container: 1
2020-11-12 17:35:52,437:INFO:QuadraticDiscriminantAnalysis(priors=None, reg_param=0.0,
                              store_covariance=False, tol=0.0001)
2020-11-12 17:35:52,438:INFO:create_model() succesfully completed......................................
2020-11-12 17:35:52,579:INFO:SubProcess create_model() end ==================================
2020-11-12 17:35:52,580:INFO:Creating metrics dataframe
2020-11-12 17:35:52,694:INFO:Initializing Ada Boost Classifier
2020-11-12 17:35:52,695:INFO:Total runtime is 4.039389721552531 minutes
2020-11-12 17:35:52,718:INFO:SubProcess create_model() called ==================================
2020-11-12 17:35:52,718:INFO:Initializing create_model()
2020-11-12 17:35:52,719:INFO:create_model(kwargs={}, display=<pycaret.internal.Display.Display object at 0x000001333D360F98>, metrics=None, system=False, verbose=False, refit=False, groups=None, fit_kwargs={}, predict=True, cross_validation=True, round=4, fold=StratifiedKFold(n_splits=10, random_state=1851, shuffle=False), estimator=ada)
2020-11-12 17:35:52,719:INFO:Checking exceptions
2020-11-12 17:35:52,719:INFO:Importing libraries
2020-11-12 17:35:52,719:INFO:Copying training dataset
2020-11-12 17:35:52,744:INFO:Defining folds
2020-11-12 17:35:52,744:INFO:Declaring metric variables
2020-11-12 17:35:52,768:INFO:Importing untrained model
2020-11-12 17:35:52,787:INFO:Ada Boost Classifier Imported succesfully
2020-11-12 17:35:52,831:INFO:Starting cross validation
2020-11-12 17:35:52,833:INFO:Cross validating with StratifiedKFold(n_splits=10, random_state=1851, shuffle=False), n_jobs=-1
2020-11-12 17:36:19,646:INFO:Calculating mean and std
2020-11-12 17:36:19,649:INFO:Creating metrics dataframe
2020-11-12 17:36:19,660:INFO:Uploading results into container
2020-11-12 17:36:19,660:INFO:Uploading model into container now
2020-11-12 17:36:19,660:INFO:create_model_container: 9
2020-11-12 17:36:19,661:INFO:master_model_container: 9
2020-11-12 17:36:19,661:INFO:display_container: 1
2020-11-12 17:36:19,661:INFO:AdaBoostClassifier(algorithm='SAMME.R', base_estimator=None, learning_rate=1.0,
                   n_estimators=50, random_state=1851)
2020-11-12 17:36:19,661:INFO:create_model() succesfully completed......................................
2020-11-12 17:36:19,759:INFO:SubProcess create_model() end ==================================
2020-11-12 17:36:19,759:INFO:Creating metrics dataframe
2020-11-12 17:36:19,812:INFO:Initializing Gradient Boosting Classifier
2020-11-12 17:36:19,812:INFO:Total runtime is 4.491351993878683 minutes
2020-11-12 17:36:19,826:INFO:SubProcess create_model() called ==================================
2020-11-12 17:36:19,827:INFO:Initializing create_model()
2020-11-12 17:36:19,827:INFO:create_model(kwargs={}, display=<pycaret.internal.Display.Display object at 0x000001333D360F98>, metrics=None, system=False, verbose=False, refit=False, groups=None, fit_kwargs={}, predict=True, cross_validation=True, round=4, fold=StratifiedKFold(n_splits=10, random_state=1851, shuffle=False), estimator=gbc)
2020-11-12 17:36:19,827:INFO:Checking exceptions
2020-11-12 17:36:19,827:INFO:Importing libraries
2020-11-12 17:36:19,827:INFO:Copying training dataset
2020-11-12 17:36:19,848:INFO:Defining folds
2020-11-12 17:36:19,848:INFO:Declaring metric variables
2020-11-12 17:36:19,861:INFO:Importing untrained model
2020-11-12 17:36:19,878:INFO:Gradient Boosting Classifier Imported succesfully
2020-11-12 17:36:19,906:INFO:Starting cross validation
2020-11-12 17:36:19,908:INFO:Cross validating with StratifiedKFold(n_splits=10, random_state=1851, shuffle=False), n_jobs=-1
2020-11-12 17:38:30,184:INFO:Calculating mean and std
2020-11-12 17:38:30,185:INFO:Creating metrics dataframe
2020-11-12 17:38:30,194:INFO:Uploading results into container
2020-11-12 17:38:30,194:INFO:Uploading model into container now
2020-11-12 17:38:30,194:INFO:create_model_container: 10
2020-11-12 17:38:30,195:INFO:master_model_container: 10
2020-11-12 17:38:30,195:INFO:display_container: 1
2020-11-12 17:38:30,196:INFO:GradientBoostingClassifier(ccp_alpha=0.0, criterion='friedman_mse', init=None,
                           learning_rate=0.1, loss='deviance', max_depth=3,
                           max_features=None, max_leaf_nodes=None,
                           min_impurity_decrease=0.0, min_impurity_split=None,
                           min_samples_leaf=1, min_samples_split=2,
                           min_weight_fraction_leaf=0.0, n_estimators=100,
                           n_iter_no_change=None, presort='deprecated',
                           random_state=1851, subsample=1.0, tol=0.0001,
                           validation_fraction=0.1, verbose=0,
                           warm_start=False)
2020-11-12 17:38:30,196:INFO:create_model() succesfully completed......................................
2020-11-12 17:38:30,300:INFO:SubProcess create_model() end ==================================
2020-11-12 17:38:30,300:INFO:Creating metrics dataframe
2020-11-12 17:38:30,396:INFO:Initializing Linear Discriminant Analysis
2020-11-12 17:38:30,396:INFO:Total runtime is 6.667741608619691 minutes
2020-11-12 17:38:30,412:INFO:SubProcess create_model() called ==================================
2020-11-12 17:38:30,413:INFO:Initializing create_model()
2020-11-12 17:38:30,413:INFO:create_model(kwargs={}, display=<pycaret.internal.Display.Display object at 0x000001333D360F98>, metrics=None, system=False, verbose=False, refit=False, groups=None, fit_kwargs={}, predict=True, cross_validation=True, round=4, fold=StratifiedKFold(n_splits=10, random_state=1851, shuffle=False), estimator=lda)
2020-11-12 17:38:30,414:INFO:Checking exceptions
2020-11-12 17:38:30,414:INFO:Importing libraries
2020-11-12 17:38:30,414:INFO:Copying training dataset
2020-11-12 17:38:30,432:INFO:Defining folds
2020-11-12 17:38:30,433:INFO:Declaring metric variables
2020-11-12 17:38:30,447:INFO:Importing untrained model
2020-11-12 17:38:30,463:INFO:Linear Discriminant Analysis Imported succesfully
2020-11-12 17:38:30,494:INFO:Starting cross validation
2020-11-12 17:38:30,495:INFO:Cross validating with StratifiedKFold(n_splits=10, random_state=1851, shuffle=False), n_jobs=-1
2020-11-12 17:38:38,121:INFO:Calculating mean and std
2020-11-12 17:38:38,124:INFO:Creating metrics dataframe
2020-11-12 17:38:38,134:INFO:Uploading results into container
2020-11-12 17:38:38,134:INFO:Uploading model into container now
2020-11-12 17:38:38,135:INFO:create_model_container: 11
2020-11-12 17:38:38,135:INFO:master_model_container: 11
2020-11-12 17:38:38,135:INFO:display_container: 1
2020-11-12 17:38:38,136:INFO:LinearDiscriminantAnalysis(n_components=None, priors=None, shrinkage=None,
                           solver='svd', store_covariance=False, tol=0.0001)
2020-11-12 17:38:38,136:INFO:create_model() succesfully completed......................................
2020-11-12 17:38:38,236:INFO:SubProcess create_model() end ==================================
2020-11-12 17:38:38,236:INFO:Creating metrics dataframe
2020-11-12 17:38:38,316:INFO:Initializing Extra Trees Classifier
2020-11-12 17:38:38,317:INFO:Total runtime is 6.799760158856711 minutes
2020-11-12 17:38:38,333:INFO:SubProcess create_model() called ==================================
2020-11-12 17:38:38,334:INFO:Initializing create_model()
2020-11-12 17:38:38,334:INFO:create_model(kwargs={}, display=<pycaret.internal.Display.Display object at 0x000001333D360F98>, metrics=None, system=False, verbose=False, refit=False, groups=None, fit_kwargs={}, predict=True, cross_validation=True, round=4, fold=StratifiedKFold(n_splits=10, random_state=1851, shuffle=False), estimator=et)
2020-11-12 17:38:38,334:INFO:Checking exceptions
2020-11-12 17:38:38,334:INFO:Importing libraries
2020-11-12 17:38:38,335:INFO:Copying training dataset
2020-11-12 17:38:38,353:INFO:Defining folds
2020-11-12 17:38:38,354:INFO:Declaring metric variables
2020-11-12 17:38:38,368:INFO:Importing untrained model
2020-11-12 17:38:38,383:INFO:Extra Trees Classifier Imported succesfully
2020-11-12 17:38:38,416:INFO:Starting cross validation
2020-11-12 17:38:38,417:INFO:Cross validating with StratifiedKFold(n_splits=10, random_state=1851, shuffle=False), n_jobs=-1
2020-11-12 17:39:20,262:INFO:Calculating mean and std
2020-11-12 17:39:20,263:INFO:Creating metrics dataframe
2020-11-12 17:39:20,269:INFO:Uploading results into container
2020-11-12 17:39:20,270:INFO:Uploading model into container now
2020-11-12 17:39:20,270:INFO:create_model_container: 12
2020-11-12 17:39:20,270:INFO:master_model_container: 12
2020-11-12 17:39:20,270:INFO:display_container: 1
2020-11-12 17:39:20,271:INFO:ExtraTreesClassifier(bootstrap=False, ccp_alpha=0.0, class_weight=None,
                     criterion='gini', max_depth=None, max_features='auto',
                     max_leaf_nodes=None, max_samples=None,
                     min_impurity_decrease=0.0, min_impurity_split=None,
                     min_samples_leaf=1, min_samples_split=2,
                     min_weight_fraction_leaf=0.0, n_estimators=100, n_jobs=-1,
                     oob_score=False, random_state=1851, verbose=0,
                     warm_start=False)
2020-11-12 17:39:20,271:INFO:create_model() succesfully completed......................................
2020-11-12 17:39:20,356:INFO:SubProcess create_model() end ==================================
2020-11-12 17:39:20,356:INFO:Creating metrics dataframe
2020-11-12 17:39:20,422:INFO:Initializing Extreme Gradient Boosting
2020-11-12 17:39:20,422:INFO:Total runtime is 7.5015200416247065 minutes
2020-11-12 17:39:20,435:INFO:SubProcess create_model() called ==================================
2020-11-12 17:39:20,435:INFO:Initializing create_model()
2020-11-12 17:39:20,436:INFO:create_model(kwargs={}, display=<pycaret.internal.Display.Display object at 0x000001333D360F98>, metrics=None, system=False, verbose=False, refit=False, groups=None, fit_kwargs={}, predict=True, cross_validation=True, round=4, fold=StratifiedKFold(n_splits=10, random_state=1851, shuffle=False), estimator=xgboost)
2020-11-12 17:39:20,436:INFO:Checking exceptions
2020-11-12 17:39:20,436:INFO:Importing libraries
2020-11-12 17:39:20,436:INFO:Copying training dataset
2020-11-12 17:39:20,453:INFO:Defining folds
2020-11-12 17:39:20,454:INFO:Declaring metric variables
2020-11-12 17:39:20,469:INFO:Importing untrained model
2020-11-12 17:39:20,483:INFO:Extreme Gradient Boosting Imported succesfully
2020-11-12 17:39:20,506:INFO:Starting cross validation
2020-11-12 17:39:20,507:INFO:Cross validating with StratifiedKFold(n_splits=10, random_state=1851, shuffle=False), n_jobs=-1
2020-11-12 17:39:20,514:WARNING:create_model() for xgboost raised an exception or returned all 0.0, trying without fit_kwargs:
2020-11-12 17:39:20,530:WARNING:Traceback (most recent call last):
  File "C:\Users\hande\Anaconda3\lib\site-packages\joblib\parallel.py", line 797, in dispatch_one_batch
    tasks = self._ready_batches.get(block=False)
  File "C:\Users\hande\Anaconda3\lib\queue.py", line 161, in get
    raise Empty
queue.Empty

During handling of the above exception, another exception occurred:

Traceback (most recent call last):
  File "C:\Users\hande\Anaconda3\lib\site-packages\pycaret\internal\tabular.py", line 2146, in compare_models
    refit=False,
  File "C:\Users\hande\Anaconda3\lib\site-packages\pycaret\internal\tabular.py", line 3089, in create_model_supervised
    error_score=0,
  File "C:\Users\hande\Anaconda3\lib\site-packages\sklearn\utils\validation.py", line 72, in inner_f
    return f(**kwargs)
  File "C:\Users\hande\Anaconda3\lib\site-packages\sklearn\model_selection\_validation.py", line 248, in cross_validate
    for train, test in cv.split(X, y, groups))
  File "C:\Users\hande\Anaconda3\lib\site-packages\joblib\parallel.py", line 1004, in __call__
    if self.dispatch_one_batch(iterator):
  File "C:\Users\hande\Anaconda3\lib\site-packages\joblib\parallel.py", line 808, in dispatch_one_batch
    islice = list(itertools.islice(iterator, big_batch_size))
  File "C:\Users\hande\Anaconda3\lib\site-packages\sklearn\model_selection\_validation.py", line 248, in <genexpr>
    for train, test in cv.split(X, y, groups))
  File "C:\Users\hande\Anaconda3\lib\site-packages\sklearn\utils\validation.py", line 72, in inner_f
    return f(**kwargs)
  File "C:\Users\hande\Anaconda3\lib\site-packages\sklearn\base.py", line 88, in clone
    new_object = klass(**new_object_params)
  File "C:\Users\hande\Anaconda3\lib\site-packages\pycaret\internal\pipeline.py", line 24, in __init__
    self._carry_over_final_estimator_fit_vars()
  File "C:\Users\hande\Anaconda3\lib\site-packages\pycaret\internal\pipeline.py", line 58, in _carry_over_final_estimator_fit_vars
    self._final_estimator
  File "C:\Users\hande\Anaconda3\lib\site-packages\pycaret\internal\utils.py", line 557, in get_all_object_vars_and_properties
    for k in object.__dir__()
  File "C:\Users\hande\Anaconda3\lib\site-packages\pycaret\internal\utils.py", line 558, in <dictcomp>
    if k[:2] != "__" and type(getattr(object, k, "")).__name__ != "method"
  File "C:\Users\hande\Anaconda3\lib\site-packages\xgboost\sklearn.py", line 687, in feature_importances_
    b = self.get_booster()
  File "C:\Users\hande\Anaconda3\lib\site-packages\xgboost\sklearn.py", line 261, in get_booster
    raise XGBoostError('need to call fit or load_model beforehand')
xgboost.core.XGBoostError: need to call fit or load_model beforehand

2020-11-12 17:39:20,530:INFO:Initializing create_model()
2020-11-12 17:39:20,530:INFO:create_model(kwargs={}, display=<pycaret.internal.Display.Display object at 0x000001333D360F98>, metrics=None, system=False, verbose=False, refit=False, groups=None, fit_kwargs=None, predict=True, cross_validation=True, round=4, fold=StratifiedKFold(n_splits=10, random_state=1851, shuffle=False), estimator=xgboost)
2020-11-12 17:39:20,530:INFO:Checking exceptions
2020-11-12 17:39:20,530:INFO:Importing libraries
2020-11-12 17:39:20,530:INFO:Copying training dataset
2020-11-12 17:39:20,544:INFO:Defining folds
2020-11-12 17:39:20,545:INFO:Declaring metric variables
2020-11-12 17:39:20,555:INFO:Importing untrained model
2020-11-12 17:39:20,567:INFO:Extreme Gradient Boosting Imported succesfully
2020-11-12 17:39:20,593:INFO:Starting cross validation
2020-11-12 17:39:20,594:INFO:Cross validating with StratifiedKFold(n_splits=10, random_state=1851, shuffle=False), n_jobs=-1
2020-11-12 17:39:20,601:ERROR:create_model() for xgboost raised an exception:
2020-11-12 17:39:20,604:ERROR:Traceback (most recent call last):
  File "C:\Users\hande\Anaconda3\lib\site-packages\joblib\parallel.py", line 797, in dispatch_one_batch
    tasks = self._ready_batches.get(block=False)
  File "C:\Users\hande\Anaconda3\lib\queue.py", line 161, in get
    raise Empty
queue.Empty

During handling of the above exception, another exception occurred:

Traceback (most recent call last):
  File "C:\Users\hande\Anaconda3\lib\site-packages\pycaret\internal\tabular.py", line 2146, in compare_models
    refit=False,
  File "C:\Users\hande\Anaconda3\lib\site-packages\pycaret\internal\tabular.py", line 3089, in create_model_supervised
    error_score=0,
  File "C:\Users\hande\Anaconda3\lib\site-packages\sklearn\utils\validation.py", line 72, in inner_f
    return f(**kwargs)
  File "C:\Users\hande\Anaconda3\lib\site-packages\sklearn\model_selection\_validation.py", line 248, in cross_validate
    for train, test in cv.split(X, y, groups))
  File "C:\Users\hande\Anaconda3\lib\site-packages\joblib\parallel.py", line 1004, in __call__
    if self.dispatch_one_batch(iterator):
  File "C:\Users\hande\Anaconda3\lib\site-packages\joblib\parallel.py", line 808, in dispatch_one_batch
    islice = list(itertools.islice(iterator, big_batch_size))
  File "C:\Users\hande\Anaconda3\lib\site-packages\sklearn\model_selection\_validation.py", line 248, in <genexpr>
    for train, test in cv.split(X, y, groups))
  File "C:\Users\hande\Anaconda3\lib\site-packages\sklearn\utils\validation.py", line 72, in inner_f
    return f(**kwargs)
  File "C:\Users\hande\Anaconda3\lib\site-packages\sklearn\base.py", line 88, in clone
    new_object = klass(**new_object_params)
  File "C:\Users\hande\Anaconda3\lib\site-packages\pycaret\internal\pipeline.py", line 24, in __init__
    self._carry_over_final_estimator_fit_vars()
  File "C:\Users\hande\Anaconda3\lib\site-packages\pycaret\internal\pipeline.py", line 58, in _carry_over_final_estimator_fit_vars
    self._final_estimator
  File "C:\Users\hande\Anaconda3\lib\site-packages\pycaret\internal\utils.py", line 557, in get_all_object_vars_and_properties
    for k in object.__dir__()
  File "C:\Users\hande\Anaconda3\lib\site-packages\pycaret\internal\utils.py", line 558, in <dictcomp>
    if k[:2] != "__" and type(getattr(object, k, "")).__name__ != "method"
  File "C:\Users\hande\Anaconda3\lib\site-packages\xgboost\sklearn.py", line 687, in feature_importances_
    b = self.get_booster()
  File "C:\Users\hande\Anaconda3\lib\site-packages\xgboost\sklearn.py", line 261, in get_booster
    raise XGBoostError('need to call fit or load_model beforehand')
xgboost.core.XGBoostError: need to call fit or load_model beforehand

During handling of the above exception, another exception occurred:

Traceback (most recent call last):
  File "C:\Users\hande\Anaconda3\lib\site-packages\joblib\parallel.py", line 797, in dispatch_one_batch
    tasks = self._ready_batches.get(block=False)
  File "C:\Users\hande\Anaconda3\lib\queue.py", line 161, in get
    raise Empty
queue.Empty

During handling of the above exception, another exception occurred:

Traceback (most recent call last):
  File "C:\Users\hande\Anaconda3\lib\site-packages\pycaret\internal\tabular.py", line 2165, in compare_models
    refit=False,
  File "C:\Users\hande\Anaconda3\lib\site-packages\pycaret\internal\tabular.py", line 3089, in create_model_supervised
    error_score=0,
  File "C:\Users\hande\Anaconda3\lib\site-packages\sklearn\utils\validation.py", line 72, in inner_f
    return f(**kwargs)
  File "C:\Users\hande\Anaconda3\lib\site-packages\sklearn\model_selection\_validation.py", line 248, in cross_validate
    for train, test in cv.split(X, y, groups))
  File "C:\Users\hande\Anaconda3\lib\site-packages\joblib\parallel.py", line 1004, in __call__
    if self.dispatch_one_batch(iterator):
  File "C:\Users\hande\Anaconda3\lib\site-packages\joblib\parallel.py", line 808, in dispatch_one_batch
    islice = list(itertools.islice(iterator, big_batch_size))
  File "C:\Users\hande\Anaconda3\lib\site-packages\sklearn\model_selection\_validation.py", line 248, in <genexpr>
    for train, test in cv.split(X, y, groups))
  File "C:\Users\hande\Anaconda3\lib\site-packages\sklearn\utils\validation.py", line 72, in inner_f
    return f(**kwargs)
  File "C:\Users\hande\Anaconda3\lib\site-packages\sklearn\base.py", line 88, in clone
    new_object = klass(**new_object_params)
  File "C:\Users\hande\Anaconda3\lib\site-packages\pycaret\internal\pipeline.py", line 24, in __init__
    self._carry_over_final_estimator_fit_vars()
  File "C:\Users\hande\Anaconda3\lib\site-packages\pycaret\internal\pipeline.py", line 58, in _carry_over_final_estimator_fit_vars
    self._final_estimator
  File "C:\Users\hande\Anaconda3\lib\site-packages\pycaret\internal\utils.py", line 557, in get_all_object_vars_and_properties
    for k in object.__dir__()
  File "C:\Users\hande\Anaconda3\lib\site-packages\pycaret\internal\utils.py", line 558, in <dictcomp>
    if k[:2] != "__" and type(getattr(object, k, "")).__name__ != "method"
  File "C:\Users\hande\Anaconda3\lib\site-packages\xgboost\sklearn.py", line 687, in feature_importances_
    b = self.get_booster()
  File "C:\Users\hande\Anaconda3\lib\site-packages\xgboost\sklearn.py", line 261, in get_booster
    raise XGBoostError('need to call fit or load_model beforehand')
xgboost.core.XGBoostError: need to call fit or load_model beforehand

2020-11-12 17:39:20,611:INFO:Initializing Light Gradient Boosting Machine
2020-11-12 17:39:20,612:INFO:Total runtime is 7.504677597681683 minutes
2020-11-12 17:39:20,623:INFO:SubProcess create_model() called ==================================
2020-11-12 17:39:20,624:INFO:Initializing create_model()
2020-11-12 17:39:20,624:INFO:create_model(kwargs={}, display=<pycaret.internal.Display.Display object at 0x000001333D360F98>, metrics=None, system=False, verbose=False, refit=False, groups=None, fit_kwargs={}, predict=True, cross_validation=True, round=4, fold=StratifiedKFold(n_splits=10, random_state=1851, shuffle=False), estimator=lightgbm)
2020-11-12 17:39:20,624:INFO:Checking exceptions
2020-11-12 17:39:20,625:INFO:Importing libraries
2020-11-12 17:39:20,625:INFO:Copying training dataset
2020-11-12 17:39:20,640:INFO:Defining folds
2020-11-12 17:39:20,641:INFO:Declaring metric variables
2020-11-12 17:39:20,652:INFO:Importing untrained model
2020-11-12 17:39:20,666:INFO:Light Gradient Boosting Machine Imported succesfully
2020-11-12 17:39:20,693:INFO:Starting cross validation
2020-11-12 17:39:20,694:INFO:Cross validating with StratifiedKFold(n_splits=10, random_state=1851, shuffle=False), n_jobs=-1
2020-11-12 17:39:30,343:INFO:Calculating mean and std
2020-11-12 17:39:30,344:INFO:Creating metrics dataframe
2020-11-12 17:39:30,350:INFO:Uploading results into container
2020-11-12 17:39:30,350:INFO:Uploading model into container now
2020-11-12 17:39:30,350:INFO:create_model_container: 13
2020-11-12 17:39:30,351:INFO:master_model_container: 13
2020-11-12 17:39:30,351:INFO:display_container: 1
2020-11-12 17:39:30,352:INFO:LGBMClassifier(boosting_type='gbdt', class_weight=None, colsample_bytree=1.0,
               importance_type='split', learning_rate=0.1, max_depth=-1,
               min_child_samples=20, min_child_weight=0.001, min_split_gain=0.0,
               n_estimators=100, n_jobs=-1, num_leaves=31, objective=None,
               random_state=1851, reg_alpha=0.0, reg_lambda=0.0, silent=True,
               subsample=1.0, subsample_for_bin=200000, subsample_freq=0)
2020-11-12 17:39:30,352:INFO:create_model() succesfully completed......................................
2020-11-12 17:39:30,428:INFO:SubProcess create_model() end ==================================
2020-11-12 17:39:30,428:INFO:Creating metrics dataframe
2020-11-12 17:39:30,498:INFO:Initializing CatBoost Classifier
2020-11-12 17:39:30,498:INFO:Total runtime is 7.669454216957094 minutes
2020-11-12 17:39:30,511:INFO:SubProcess create_model() called ==================================
2020-11-12 17:39:30,511:INFO:Initializing create_model()
2020-11-12 17:39:30,512:INFO:create_model(kwargs={}, display=<pycaret.internal.Display.Display object at 0x000001333D360F98>, metrics=None, system=False, verbose=False, refit=False, groups=None, fit_kwargs={}, predict=True, cross_validation=True, round=4, fold=StratifiedKFold(n_splits=10, random_state=1851, shuffle=False), estimator=catboost)
2020-11-12 17:39:30,512:INFO:Checking exceptions
2020-11-12 17:39:30,512:INFO:Importing libraries
2020-11-12 17:39:30,512:INFO:Copying training dataset
2020-11-12 17:39:30,527:INFO:Defining folds
2020-11-12 17:39:30,528:INFO:Declaring metric variables
2020-11-12 17:39:30,539:INFO:Importing untrained model
2020-11-12 17:39:30,551:INFO:CatBoost Classifier Imported succesfully
2020-11-12 17:39:30,577:INFO:Starting cross validation
2020-11-12 17:39:30,578:INFO:Cross validating with StratifiedKFold(n_splits=10, random_state=1851, shuffle=False), n_jobs=-1
2020-11-12 17:43:44,889:INFO:Calculating mean and std
2020-11-12 17:43:44,893:INFO:Creating metrics dataframe
2020-11-12 17:43:44,909:INFO:Uploading results into container
2020-11-12 17:43:44,910:INFO:Uploading model into container now
2020-11-12 17:43:44,911:INFO:create_model_container: 14
2020-11-12 17:43:44,911:INFO:master_model_container: 14
2020-11-12 17:43:44,911:INFO:display_container: 1
2020-11-12 17:43:44,912:INFO:<catboost.core.CatBoostClassifier object at 0x0000013349958208>
2020-11-12 17:43:44,912:INFO:create_model() succesfully completed......................................
2020-11-12 17:43:45,060:INFO:SubProcess create_model() end ==================================
2020-11-12 17:43:45,060:INFO:Creating metrics dataframe
2020-11-12 17:43:45,345:INFO:Initializing create_model()
2020-11-12 17:43:45,345:INFO:create_model(kwargs={}, display=None, metrics=None, system=False, verbose=False, refit=True, groups=None, fit_kwargs={}, predict=False, cross_validation=False, round=4, fold=StratifiedKFold(n_splits=10, random_state=1851, shuffle=False), estimator=LGBMClassifier(boosting_type='gbdt', class_weight=None, colsample_bytree=1.0,
               importance_type='split', learning_rate=0.1, max_depth=-1,
               min_child_samples=20, min_child_weight=0.001, min_split_gain=0.0,
               n_estimators=100, n_jobs=-1, num_leaves=31, objective=None,
               random_state=1851, reg_alpha=0.0, reg_lambda=0.0, silent=True,
               subsample=1.0, subsample_for_bin=200000, subsample_freq=0))
2020-11-12 17:43:45,345:INFO:Checking exceptions
2020-11-12 17:43:45,346:INFO:Importing libraries
2020-11-12 17:43:45,346:INFO:Copying training dataset
2020-11-12 17:43:45,372:INFO:Defining folds
2020-11-12 17:43:45,373:INFO:Declaring metric variables
2020-11-12 17:43:45,373:INFO:Importing untrained model
2020-11-12 17:43:45,373:INFO:Declaring custom model
2020-11-12 17:43:45,378:INFO:Light Gradient Boosting Machine Imported succesfully
2020-11-12 17:43:45,379:INFO:Cross validation set to False
2020-11-12 17:43:45,379:INFO:Fitting Model
2020-11-12 17:43:48,214:INFO:LGBMClassifier(boosting_type='gbdt', class_weight=None, colsample_bytree=1.0,
               importance_type='split', learning_rate=0.1, max_depth=-1,
               min_child_samples=20, min_child_weight=0.001, min_split_gain=0.0,
               n_estimators=100, n_jobs=-1, num_leaves=31, objective=None,
               random_state=1851, reg_alpha=0.0, reg_lambda=0.0, silent=True,
               subsample=1.0, subsample_for_bin=200000, subsample_freq=0)
2020-11-12 17:43:48,214:INFO:create_models() succesfully completed......................................
2020-11-12 17:43:48,372:INFO:Initializing create_model()
2020-11-12 17:43:48,372:INFO:create_model(kwargs={}, display=None, metrics=None, system=False, verbose=False, refit=True, groups=None, fit_kwargs={}, predict=False, cross_validation=False, round=4, fold=StratifiedKFold(n_splits=10, random_state=1851, shuffle=False), estimator=GradientBoostingClassifier(ccp_alpha=0.0, criterion='friedman_mse', init=None,
                           learning_rate=0.1, loss='deviance', max_depth=3,
                           max_features=None, max_leaf_nodes=None,
                           min_impurity_decrease=0.0, min_impurity_split=None,
                           min_samples_leaf=1, min_samples_split=2,
                           min_weight_fraction_leaf=0.0, n_estimators=100,
                           n_iter_no_change=None, presort='deprecated',
                           random_state=1851, subsample=1.0, tol=0.0001,
                           validation_fraction=0.1, verbose=0,
                           warm_start=False))
2020-11-12 17:43:48,373:INFO:Checking exceptions
2020-11-12 17:43:48,373:INFO:Importing libraries
2020-11-12 17:43:48,373:INFO:Copying training dataset
2020-11-12 17:43:48,391:INFO:Defining folds
2020-11-12 17:43:48,391:INFO:Declaring metric variables
2020-11-12 17:43:48,392:INFO:Importing untrained model
2020-11-12 17:43:48,392:INFO:Declaring custom model
2020-11-12 17:43:48,393:INFO:Gradient Boosting Classifier Imported succesfully
2020-11-12 17:43:48,393:INFO:Cross validation set to False
2020-11-12 17:43:48,393:INFO:Fitting Model
2020-11-12 17:44:33,222:INFO:GradientBoostingClassifier(ccp_alpha=0.0, criterion='friedman_mse', init=None,
                           learning_rate=0.1, loss='deviance', max_depth=3,
                           max_features=None, max_leaf_nodes=None,
                           min_impurity_decrease=0.0, min_impurity_split=None,
                           min_samples_leaf=1, min_samples_split=2,
                           min_weight_fraction_leaf=0.0, n_estimators=100,
                           n_iter_no_change=None, presort='deprecated',
                           random_state=1851, subsample=1.0, tol=0.0001,
                           validation_fraction=0.1, verbose=0,
                           warm_start=False)
2020-11-12 17:44:33,222:INFO:create_models() succesfully completed......................................
2020-11-12 17:44:33,366:INFO:Initializing create_model()
2020-11-12 17:44:33,366:INFO:create_model(kwargs={}, display=None, metrics=None, system=False, verbose=False, refit=True, groups=None, fit_kwargs={}, predict=False, cross_validation=False, round=4, fold=StratifiedKFold(n_splits=10, random_state=1851, shuffle=False), estimator=LinearDiscriminantAnalysis(n_components=None, priors=None, shrinkage=None,
                           solver='svd', store_covariance=False, tol=0.0001))
2020-11-12 17:44:33,369:INFO:Checking exceptions
2020-11-12 17:44:33,369:INFO:Importing libraries
2020-11-12 17:44:33,370:INFO:Copying training dataset
2020-11-12 17:44:33,394:INFO:Defining folds
2020-11-12 17:44:33,394:INFO:Declaring metric variables
2020-11-12 17:44:33,394:INFO:Importing untrained model
2020-11-12 17:44:33,395:INFO:Declaring custom model
2020-11-12 17:44:33,396:INFO:Linear Discriminant Analysis Imported succesfully
2020-11-12 17:44:33,397:INFO:Cross validation set to False
2020-11-12 17:44:33,397:INFO:Fitting Model
2020-11-12 17:44:35,354:INFO:LinearDiscriminantAnalysis(n_components=None, priors=None, shrinkage=None,
                           solver='svd', store_covariance=False, tol=0.0001)
2020-11-12 17:44:35,355:INFO:create_models() succesfully completed......................................
2020-11-12 17:44:35,860:INFO:create_model_container: 14
2020-11-12 17:44:35,860:INFO:master_model_container: 14
2020-11-12 17:44:35,861:INFO:display_container: 1
2020-11-12 17:44:35,863:INFO:[LGBMClassifier(boosting_type='gbdt', class_weight=None, colsample_bytree=1.0,
               importance_type='split', learning_rate=0.1, max_depth=-1,
               min_child_samples=20, min_child_weight=0.001, min_split_gain=0.0,
               n_estimators=100, n_jobs=-1, num_leaves=31, objective=None,
               random_state=1851, reg_alpha=0.0, reg_lambda=0.0, silent=True,
               subsample=1.0, subsample_for_bin=200000, subsample_freq=0), GradientBoostingClassifier(ccp_alpha=0.0, criterion='friedman_mse', init=None,
                           learning_rate=0.1, loss='deviance', max_depth=3,
                           max_features=None, max_leaf_nodes=None,
                           min_impurity_decrease=0.0, min_impurity_split=None,
                           min_samples_leaf=1, min_samples_split=2,
                           min_weight_fraction_leaf=0.0, n_estimators=100,
                           n_iter_no_change=None, presort='deprecated',
                           random_state=1851, subsample=1.0, tol=0.0001,
                           validation_fraction=0.1, verbose=0,
                           warm_start=False), LinearDiscriminantAnalysis(n_components=None, priors=None, shrinkage=None,
                           solver='svd', store_covariance=False, tol=0.0001)]
2020-11-12 17:44:35,863:INFO:compare_models() succesfully completed......................................
2020-11-12 17:44:35,897:INFO:Initializing blend_models()
2020-11-12 17:44:35,897:INFO:blend_models(display=None, verbose=True, groups=None, fit_kwargs=None, weights=None, method=soft, optimize=Accuracy, choose_better=False, round=4, fold=5, estimator_list=[LGBMClassifier(boosting_type='gbdt', class_weight=None, colsample_bytree=1.0,
               importance_type='split', learning_rate=0.1, max_depth=-1,
               min_child_samples=20, min_child_weight=0.001, min_split_gain=0.0,
               n_estimators=100, n_jobs=-1, num_leaves=31, objective=None,
               random_state=1851, reg_alpha=0.0, reg_lambda=0.0, silent=True,
               subsample=1.0, subsample_for_bin=200000, subsample_freq=0), GradientBoostingClassifier(ccp_alpha=0.0, criterion='friedman_mse', init=None,
                           learning_rate=0.1, loss='deviance', max_depth=3,
                           max_features=None, max_leaf_nodes=None,
                           min_impurity_decrease=0.0, min_impurity_split=None,
                           min_samples_leaf=1, min_samples_split=2,
                           min_weight_fraction_leaf=0.0, n_estimators=100,
                           n_iter_no_change=None, presort='deprecated',
                           random_state=1851, subsample=1.0, tol=0.0001,
                           validation_fraction=0.1, verbose=0,
                           warm_start=False), LinearDiscriminantAnalysis(n_components=None, priors=None, shrinkage=None,
                           solver='svd', store_covariance=False, tol=0.0001)])
2020-11-12 17:44:35,897:INFO:Checking exceptions
2020-11-12 17:44:35,902:INFO:Preparing display monitor
2020-11-12 17:44:35,949:INFO:Importing libraries
2020-11-12 17:44:35,949:INFO:Copying training dataset
2020-11-12 17:44:35,995:INFO:Getting model names
2020-11-12 17:44:36,017:INFO:SubProcess create_model() called ==================================
2020-11-12 17:44:36,027:INFO:Initializing create_model()
2020-11-12 17:44:36,027:INFO:create_model(kwargs={}, display=<pycaret.internal.Display.Display object at 0x0000013346BE6A20>, metrics=None, system=False, verbose=True, refit=True, groups=None, fit_kwargs={}, predict=True, cross_validation=True, round=4, fold=StratifiedKFold(n_splits=5, random_state=1851, shuffle=False), estimator=TunableVotingClassifier(estimators=[('lightgbm',
                                     LGBMClassifier(boosting_type='gbdt',
                                                    class_weight=None,
                                                    colsample_bytree=1.0,
                                                    importance_type='split',
                                                    learning_rate=0.1,
                                                    max_depth=-1,
                                                    min_child_samples=20,
                                                    min_child_weight=0.001,
                                                    min_split_gain=0.0,
                                                    n_estimators=100, n_jobs=-1,
                                                    num_leaves=31,
                                                    objective=None,
                                                    random_state=1851,
                                                    reg_alpha=0.0,
                                                    reg_lambda=0.0, silent...
                                                                presort='deprecated',
                                                                random_state=1851,
                                                                subsample=1.0,
                                                                tol=0.0001,
                                                                validation_fraction=0.1,
                                                                verbose=0,
                                                                warm_start=False)),
                                    ('lda',
                                     LinearDiscriminantAnalysis(n_components=None,
                                                                priors=None,
                                                                shrinkage=None,
                                                                solver='svd',
                                                                store_covariance=False,
                                                                tol=0.0001))],
                        flatten_transform=True, n_jobs=-1, verbose=False,
                        voting='soft', weight_0=1, weight_1=1, weight_2=1,
                        weights=[1, 1, 1]))
2020-11-12 17:44:36,027:INFO:Checking exceptions
2020-11-12 17:44:36,027:INFO:Importing libraries
2020-11-12 17:44:36,027:INFO:Copying training dataset
2020-11-12 17:44:36,048:INFO:Defining folds
2020-11-12 17:44:36,049:INFO:Declaring metric variables
2020-11-12 17:44:36,069:INFO:Importing untrained model
2020-11-12 17:44:36,069:INFO:Declaring custom model
2020-11-12 17:44:36,091:INFO:Voting Classifier Imported succesfully
2020-11-12 17:44:36,125:INFO:Starting cross validation
2020-11-12 17:44:36,126:INFO:Cross validating with StratifiedKFold(n_splits=5, random_state=1851, shuffle=False), n_jobs=-1
2020-11-12 17:45:38,518:INFO:Calculating mean and std
2020-11-12 17:45:38,520:INFO:Creating metrics dataframe
2020-11-12 17:45:38,554:INFO:Finalizing model
2020-11-12 17:46:29,732:INFO:Uploading results into container
2020-11-12 17:46:29,733:INFO:Uploading model into container now
2020-11-12 17:46:29,733:INFO:create_model_container: 15
2020-11-12 17:46:29,733:INFO:master_model_container: 15
2020-11-12 17:46:29,733:INFO:display_container: 2
2020-11-12 17:46:29,739:INFO:TunableVotingClassifier(estimators=[('lightgbm',
                                     LGBMClassifier(boosting_type='gbdt',
                                                    class_weight=None,
                                                    colsample_bytree=1.0,
                                                    importance_type='split',
                                                    learning_rate=0.1,
                                                    max_depth=-1,
                                                    min_child_samples=20,
                                                    min_child_weight=0.001,
                                                    min_split_gain=0.0,
                                                    n_estimators=100, n_jobs=-1,
                                                    num_leaves=31,
                                                    objective=None,
                                                    random_state=1851,
                                                    reg_alpha=0.0,
                                                    reg_lambda=0.0, silent...
                                                                presort='deprecated',
                                                                random_state=1851,
                                                                subsample=1.0,
                                                                tol=0.0001,
                                                                validation_fraction=0.1,
                                                                verbose=0,
                                                                warm_start=False)),
                                    ('lda',
                                     LinearDiscriminantAnalysis(n_components=None,
                                                                priors=None,
                                                                shrinkage=None,
                                                                solver='svd',
                                                                store_covariance=False,
                                                                tol=0.0001))],
                        flatten_transform=True, n_jobs=-1, verbose=False,
                        voting='soft', weight_0=1, weight_1=1, weight_2=1,
                        weights=[1, 1, 1])
2020-11-12 17:46:29,741:INFO:create_model() succesfully completed......................................
2020-11-12 17:46:29,852:INFO:SubProcess create_model() end ==================================
2020-11-12 17:46:29,900:INFO:create_model_container: 15
2020-11-12 17:46:29,900:INFO:master_model_container: 15
2020-11-12 17:46:29,901:INFO:display_container: 2
2020-11-12 17:46:29,908:INFO:TunableVotingClassifier(estimators=[('lightgbm',
                                     LGBMClassifier(boosting_type='gbdt',
                                                    class_weight=None,
                                                    colsample_bytree=1.0,
                                                    importance_type='split',
                                                    learning_rate=0.1,
                                                    max_depth=-1,
                                                    min_child_samples=20,
                                                    min_child_weight=0.001,
                                                    min_split_gain=0.0,
                                                    n_estimators=100, n_jobs=-1,
                                                    num_leaves=31,
                                                    objective=None,
                                                    random_state=1851,
                                                    reg_alpha=0.0,
                                                    reg_lambda=0.0, silent...
                                                                presort='deprecated',
                                                                random_state=1851,
                                                                subsample=1.0,
                                                                tol=0.0001,
                                                                validation_fraction=0.1,
                                                                verbose=0,
                                                                warm_start=False)),
                                    ('lda',
                                     LinearDiscriminantAnalysis(n_components=None,
                                                                priors=None,
                                                                shrinkage=None,
                                                                solver='svd',
                                                                store_covariance=False,
                                                                tol=0.0001))],
                        flatten_transform=True, n_jobs=-1, verbose=False,
                        voting='soft', weight_0=1, weight_1=1, weight_2=1,
                        weights=[1, 1, 1])
2020-11-12 17:46:29,908:INFO:blend_models() succesfully completed......................................
2020-11-12 17:46:30,031:INFO:Initializing predict_model()
2020-11-12 17:46:30,032:INFO:predict_model(display=None, ml_usecase=MLUsecase.CLASSIFICATION, verbose=True, round=4, encoded_labels=False, probability_threshold=None, estimator=TunableVotingClassifier(estimators=[('lightgbm',
                                     LGBMClassifier(boosting_type='gbdt',
                                                    class_weight=None,
                                                    colsample_bytree=1.0,
                                                    importance_type='split',
                                                    learning_rate=0.1,
                                                    max_depth=-1,
                                                    min_child_samples=20,
                                                    min_child_weight=0.001,
                                                    min_split_gain=0.0,
                                                    n_estimators=100, n_jobs=-1,
                                                    num_leaves=31,
                                                    objective=None,
                                                    random_state=1851,
                                                    reg_alpha=0.0,
                                                    reg_lambda=0.0, silent...
                                                                presort='deprecated',
                                                                random_state=1851,
                                                                subsample=1.0,
                                                                tol=0.0001,
                                                                validation_fraction=0.1,
                                                                verbose=0,
                                                                warm_start=False)),
                                    ('lda',
                                     LinearDiscriminantAnalysis(n_components=None,
                                                                priors=None,
                                                                shrinkage=None,
                                                                solver='svd',
                                                                store_covariance=False,
                                                                tol=0.0001))],
                        flatten_transform=True, n_jobs=-1, verbose=False,
                        voting='soft', weight_0=1, weight_1=1, weight_2=1,
                        weights=[1, 1, 1]))
2020-11-12 17:46:30,032:INFO:Checking exceptions
2020-11-12 17:46:30,032:INFO:Preloading libraries
2020-11-12 17:46:30,033:INFO:Preparing display monitor
2020-11-12 17:46:30,828:INFO:Initializing blend_models()
2020-11-12 17:46:30,828:INFO:blend_models(display=None, verbose=True, groups=None, fit_kwargs=None, weights=None, method=soft, optimize=Accuracy, choose_better=False, round=4, fold=5, estimator_list=[LGBMClassifier(boosting_type='gbdt', class_weight=None, colsample_bytree=1.0,
               importance_type='split', learning_rate=0.1, max_depth=-1,
               min_child_samples=20, min_child_weight=0.001, min_split_gain=0.0,
               n_estimators=100, n_jobs=-1, num_leaves=31, objective=None,
               random_state=1851, reg_alpha=0.0, reg_lambda=0.0, silent=True,
               subsample=1.0, subsample_for_bin=200000, subsample_freq=0), GradientBoostingClassifier(ccp_alpha=0.0, criterion='friedman_mse', init=None,
                           learning_rate=0.1, loss='deviance', max_depth=3,
                           max_features=None, max_leaf_nodes=None,
                           min_impurity_decrease=0.0, min_impurity_split=None,
                           min_samples_leaf=1, min_samples_split=2,
                           min_weight_fraction_leaf=0.0, n_estimators=100,
                           n_iter_no_change=None, presort='deprecated',
                           random_state=1851, subsample=1.0, tol=0.0001,
                           validation_fraction=0.1, verbose=0,
                           warm_start=False), LinearDiscriminantAnalysis(n_components=None, priors=None, shrinkage=None,
                           solver='svd', store_covariance=False, tol=0.0001)])
2020-11-12 17:46:30,828:INFO:Checking exceptions
2020-11-12 17:46:30,833:INFO:Preparing display monitor
2020-11-12 17:46:30,875:INFO:Importing libraries
2020-11-12 17:46:30,875:INFO:Copying training dataset
2020-11-12 17:46:30,914:INFO:Getting model names
2020-11-12 17:46:30,934:INFO:SubProcess create_model() called ==================================
2020-11-12 17:46:30,942:INFO:Initializing create_model()
2020-11-12 17:46:30,942:INFO:create_model(kwargs={}, display=<pycaret.internal.Display.Display object at 0x000001333DCE4FD0>, metrics=None, system=False, verbose=True, refit=True, groups=None, fit_kwargs={}, predict=True, cross_validation=True, round=4, fold=StratifiedKFold(n_splits=5, random_state=1851, shuffle=False), estimator=TunableVotingClassifier(estimators=[('lightgbm',
                                     LGBMClassifier(boosting_type='gbdt',
                                                    class_weight=None,
                                                    colsample_bytree=1.0,
                                                    importance_type='split',
                                                    learning_rate=0.1,
                                                    max_depth=-1,
                                                    min_child_samples=20,
                                                    min_child_weight=0.001,
                                                    min_split_gain=0.0,
                                                    n_estimators=100, n_jobs=-1,
                                                    num_leaves=31,
                                                    objective=None,
                                                    random_state=1851,
                                                    reg_alpha=0.0,
                                                    reg_lambda=0.0, silent...
                                                                presort='deprecated',
                                                                random_state=1851,
                                                                subsample=1.0,
                                                                tol=0.0001,
                                                                validation_fraction=0.1,
                                                                verbose=0,
                                                                warm_start=False)),
                                    ('lda',
                                     LinearDiscriminantAnalysis(n_components=None,
                                                                priors=None,
                                                                shrinkage=None,
                                                                solver='svd',
                                                                store_covariance=False,
                                                                tol=0.0001))],
                        flatten_transform=True, n_jobs=-1, verbose=False,
                        voting='soft', weight_0=1, weight_1=1, weight_2=1,
                        weights=[1, 1, 1]))
2020-11-12 17:46:30,942:INFO:Checking exceptions
2020-11-12 17:46:30,943:INFO:Importing libraries
2020-11-12 17:46:30,943:INFO:Copying training dataset
2020-11-12 17:46:30,967:INFO:Defining folds
2020-11-12 17:46:30,967:INFO:Declaring metric variables
2020-11-12 17:46:30,983:INFO:Importing untrained model
2020-11-12 17:46:30,984:INFO:Declaring custom model
2020-11-12 17:46:31,002:INFO:Voting Classifier Imported succesfully
2020-11-12 17:46:31,041:INFO:Starting cross validation
2020-11-12 17:46:31,042:INFO:Cross validating with StratifiedKFold(n_splits=5, random_state=1851, shuffle=False), n_jobs=-1
2020-11-12 17:47:35,235:INFO:Calculating mean and std
2020-11-12 17:47:35,242:INFO:Creating metrics dataframe
2020-11-12 17:47:35,265:INFO:Finalizing model
2020-11-12 17:48:28,357:INFO:Uploading results into container
2020-11-12 17:48:28,357:INFO:Uploading model into container now
2020-11-12 17:48:28,357:INFO:create_model_container: 16
2020-11-12 17:48:28,357:INFO:master_model_container: 16
2020-11-12 17:48:28,358:INFO:display_container: 4
2020-11-12 17:48:28,369:INFO:TunableVotingClassifier(estimators=[('lightgbm',
                                     LGBMClassifier(boosting_type='gbdt',
                                                    class_weight=None,
                                                    colsample_bytree=1.0,
                                                    importance_type='split',
                                                    learning_rate=0.1,
                                                    max_depth=-1,
                                                    min_child_samples=20,
                                                    min_child_weight=0.001,
                                                    min_split_gain=0.0,
                                                    n_estimators=100, n_jobs=-1,
                                                    num_leaves=31,
                                                    objective=None,
                                                    random_state=1851,
                                                    reg_alpha=0.0,
                                                    reg_lambda=0.0, silent...
                                                                presort='deprecated',
                                                                random_state=1851,
                                                                subsample=1.0,
                                                                tol=0.0001,
                                                                validation_fraction=0.1,
                                                                verbose=0,
                                                                warm_start=False)),
                                    ('lda',
                                     LinearDiscriminantAnalysis(n_components=None,
                                                                priors=None,
                                                                shrinkage=None,
                                                                solver='svd',
                                                                store_covariance=False,
                                                                tol=0.0001))],
                        flatten_transform=True, n_jobs=-1, verbose=False,
                        voting='soft', weight_0=1, weight_1=1, weight_2=1,
                        weights=[1, 1, 1])
2020-11-12 17:48:28,369:INFO:create_model() succesfully completed......................................
2020-11-12 17:48:28,487:INFO:SubProcess create_model() end ==================================
2020-11-12 17:48:28,552:INFO:create_model_container: 16
2020-11-12 17:48:28,552:INFO:master_model_container: 16
2020-11-12 17:48:28,553:INFO:display_container: 4
2020-11-12 17:48:28,563:INFO:TunableVotingClassifier(estimators=[('lightgbm',
                                     LGBMClassifier(boosting_type='gbdt',
                                                    class_weight=None,
                                                    colsample_bytree=1.0,
                                                    importance_type='split',
                                                    learning_rate=0.1,
                                                    max_depth=-1,
                                                    min_child_samples=20,
                                                    min_child_weight=0.001,
                                                    min_split_gain=0.0,
                                                    n_estimators=100, n_jobs=-1,
                                                    num_leaves=31,
                                                    objective=None,
                                                    random_state=1851,
                                                    reg_alpha=0.0,
                                                    reg_lambda=0.0, silent...
                                                                presort='deprecated',
                                                                random_state=1851,
                                                                subsample=1.0,
                                                                tol=0.0001,
                                                                validation_fraction=0.1,
                                                                verbose=0,
                                                                warm_start=False)),
                                    ('lda',
                                     LinearDiscriminantAnalysis(n_components=None,
                                                                priors=None,
                                                                shrinkage=None,
                                                                solver='svd',
                                                                store_covariance=False,
                                                                tol=0.0001))],
                        flatten_transform=True, n_jobs=-1, verbose=False,
                        voting='soft', weight_0=1, weight_1=1, weight_2=1,
                        weights=[1, 1, 1])
2020-11-12 17:48:28,564:INFO:blend_models() succesfully completed......................................
2020-11-12 17:48:28,698:INFO:Initializing predict_model()
2020-11-12 17:48:28,698:INFO:predict_model(display=None, ml_usecase=MLUsecase.CLASSIFICATION, verbose=True, round=4, encoded_labels=False, probability_threshold=None, estimator=TunableVotingClassifier(estimators=[('lightgbm',
                                     LGBMClassifier(boosting_type='gbdt',
                                                    class_weight=None,
                                                    colsample_bytree=1.0,
                                                    importance_type='split',
                                                    learning_rate=0.1,
                                                    max_depth=-1,
                                                    min_child_samples=20,
                                                    min_child_weight=0.001,
                                                    min_split_gain=0.0,
                                                    n_estimators=100, n_jobs=-1,
                                                    num_leaves=31,
                                                    objective=None,
                                                    random_state=1851,
                                                    reg_alpha=0.0,
                                                    reg_lambda=0.0, silent...
                                                                presort='deprecated',
                                                                random_state=1851,
                                                                subsample=1.0,
                                                                tol=0.0001,
                                                                validation_fraction=0.1,
                                                                verbose=0,
                                                                warm_start=False)),
                                    ('lda',
                                     LinearDiscriminantAnalysis(n_components=None,
                                                                priors=None,
                                                                shrinkage=None,
                                                                solver='svd',
                                                                store_covariance=False,
                                                                tol=0.0001))],
                        flatten_transform=True, n_jobs=-1, verbose=False,
                        voting='soft', weight_0=1, weight_1=1, weight_2=1,
                        weights=[1, 1, 1]))
2020-11-12 17:48:28,699:INFO:Checking exceptions
2020-11-12 17:48:28,699:INFO:Preloading libraries
2020-11-12 17:48:28,699:INFO:Preparing display monitor
2020-11-12 17:48:29,578:INFO:Initializing finalize_model()
2020-11-12 17:48:29,578:INFO:finalize_model(display=None, model_only=True, groups=None, fit_kwargs=None, estimator=TunableVotingClassifier(estimators=[('lightgbm',
                                     LGBMClassifier(boosting_type='gbdt',
                                                    class_weight=None,
                                                    colsample_bytree=1.0,
                                                    importance_type='split',
                                                    learning_rate=0.1,
                                                    max_depth=-1,
                                                    min_child_samples=20,
                                                    min_child_weight=0.001,
                                                    min_split_gain=0.0,
                                                    n_estimators=100, n_jobs=-1,
                                                    num_leaves=31,
                                                    objective=None,
                                                    random_state=1851,
                                                    reg_alpha=0.0,
                                                    reg_lambda=0.0, silent...
                                                                presort='deprecated',
                                                                random_state=1851,
                                                                subsample=1.0,
                                                                tol=0.0001,
                                                                validation_fraction=0.1,
                                                                verbose=0,
                                                                warm_start=False)),
                                    ('lda',
                                     LinearDiscriminantAnalysis(n_components=None,
                                                                priors=None,
                                                                shrinkage=None,
                                                                solver='svd',
                                                                store_covariance=False,
                                                                tol=0.0001))],
                        flatten_transform=True, n_jobs=-1, verbose=False,
                        voting='soft', weight_0=1, weight_1=1, weight_2=1,
                        weights=[1, 1, 1]))
2020-11-12 17:48:29,587:INFO:Finalizing TunableVotingClassifier(estimators=[('lightgbm',
                                     LGBMClassifier(boosting_type='gbdt',
                                                    class_weight=None,
                                                    colsample_bytree=1.0,
                                                    importance_type='split',
                                                    learning_rate=0.1,
                                                    max_depth=-1,
                                                    min_child_samples=20,
                                                    min_child_weight=0.001,
                                                    min_split_gain=0.0,
                                                    n_estimators=100, n_jobs=-1,
                                                    num_leaves=31,
                                                    objective=None,
                                                    random_state=1851,
                                                    reg_alpha=0.0,
                                                    reg_lambda=0.0, silent...
                                                                presort='deprecated',
                                                                random_state=1851,
                                                                subsample=1.0,
                                                                tol=0.0001,
                                                                validation_fraction=0.1,
                                                                verbose=0,
                                                                warm_start=False)),
                                    ('lda',
                                     LinearDiscriminantAnalysis(n_components=None,
                                                                priors=None,
                                                                shrinkage=None,
                                                                solver='svd',
                                                                store_covariance=False,
                                                                tol=0.0001))],
                        flatten_transform=True, n_jobs=-1, verbose=False,
                        voting='soft', weight_0=1, weight_1=1, weight_2=1,
                        weights=[1, 1, 1])
2020-11-12 17:48:29,598:INFO:Initializing create_model()
2020-11-12 17:48:29,598:INFO:create_model(kwargs={}, display=None, metrics=None, system=False, verbose=False, refit=True, groups=None, fit_kwargs={}, predict=True, cross_validation=True, round=4, fold=None, estimator=TunableVotingClassifier(estimators=[('lightgbm',
                                     LGBMClassifier(boosting_type='gbdt',
                                                    class_weight=None,
                                                    colsample_bytree=1.0,
                                                    importance_type='split',
                                                    learning_rate=0.1,
                                                    max_depth=-1,
                                                    min_child_samples=20,
                                                    min_child_weight=0.001,
                                                    min_split_gain=0.0,
                                                    n_estimators=100, n_jobs=-1,
                                                    num_leaves=31,
                                                    objective=None,
                                                    random_state=1851,
                                                    reg_alpha=0.0,
                                                    reg_lambda=0.0, silent...
                                                                presort='deprecated',
                                                                random_state=1851,
                                                                subsample=1.0,
                                                                tol=0.0001,
                                                                validation_fraction=0.1,
                                                                verbose=0,
                                                                warm_start=False)),
                                    ('lda',
                                     LinearDiscriminantAnalysis(n_components=None,
                                                                priors=None,
                                                                shrinkage=None,
                                                                solver='svd',
                                                                store_covariance=False,
                                                                tol=0.0001))],
                        flatten_transform=True, n_jobs=-1, verbose=False,
                        voting='soft', weight_0=1, weight_1=1, weight_2=1,
                        weights=[1, 1, 1]))
2020-11-12 17:48:29,599:INFO:Checking exceptions
2020-11-12 17:48:29,599:INFO:Importing libraries
2020-11-12 17:48:29,599:INFO:Copying training dataset
2020-11-12 17:48:29,636:INFO:Defining folds
2020-11-12 17:48:29,637:INFO:Declaring metric variables
2020-11-12 17:48:29,637:INFO:Importing untrained model
2020-11-12 17:48:29,637:INFO:Declaring custom model
2020-11-12 17:48:29,646:INFO:Voting Classifier Imported succesfully
2020-11-12 17:48:29,647:INFO:Starting cross validation
2020-11-12 17:48:29,648:INFO:Cross validating with StratifiedKFold(n_splits=10, random_state=1851, shuffle=False), n_jobs=-1
2020-11-12 17:52:28,065:INFO:Calculating mean and std
2020-11-12 17:52:28,067:INFO:Creating metrics dataframe
2020-11-12 17:52:28,074:INFO:Finalizing model
2020-11-12 17:53:37,281:INFO:Uploading results into container
2020-11-12 17:53:37,281:INFO:Uploading model into container now
2020-11-12 17:53:37,281:INFO:create_model_container: 17
2020-11-12 17:53:37,281:INFO:master_model_container: 17
2020-11-12 17:53:37,281:INFO:display_container: 6
2020-11-12 17:53:37,295:INFO:TunableVotingClassifier(estimators=[('lightgbm',
                                     LGBMClassifier(boosting_type='gbdt',
                                                    class_weight=None,
                                                    colsample_bytree=1.0,
                                                    importance_type='split',
                                                    learning_rate=0.1,
                                                    max_depth=-1,
                                                    min_child_samples=20,
                                                    min_child_weight=0.001,
                                                    min_split_gain=0.0,
                                                    n_estimators=100, n_jobs=-1,
                                                    num_leaves=31,
                                                    objective=None,
                                                    random_state=1851,
                                                    reg_alpha=0.0,
                                                    reg_lambda=0.0, silent...
                                                                presort='deprecated',
                                                                random_state=1851,
                                                                subsample=1.0,
                                                                tol=0.0001,
                                                                validation_fraction=0.1,
                                                                verbose=0,
                                                                warm_start=False)),
                                    ('lda',
                                     LinearDiscriminantAnalysis(n_components=None,
                                                                priors=None,
                                                                shrinkage=None,
                                                                solver='svd',
                                                                store_covariance=False,
                                                                tol=0.0001))],
                        flatten_transform=True, n_jobs=-1, verbose=False,
                        voting='soft', weight_0=1, weight_1=1, weight_2=1,
                        weights=[1, 1, 1])
2020-11-12 17:53:37,295:INFO:create_model() succesfully completed......................................
2020-11-12 17:53:37,431:INFO:create_model_container: 17
2020-11-12 17:53:37,432:INFO:master_model_container: 17
2020-11-12 17:53:37,432:INFO:display_container: 5
2020-11-12 17:53:37,447:INFO:TunableVotingClassifier(estimators=[('lightgbm',
                                     LGBMClassifier(boosting_type='gbdt',
                                                    class_weight=None,
                                                    colsample_bytree=1.0,
                                                    importance_type='split',
                                                    learning_rate=0.1,
                                                    max_depth=-1,
                                                    min_child_samples=20,
                                                    min_child_weight=0.001,
                                                    min_split_gain=0.0,
                                                    n_estimators=100, n_jobs=-1,
                                                    num_leaves=31,
                                                    objective=None,
                                                    random_state=1851,
                                                    reg_alpha=0.0,
                                                    reg_lambda=0.0, silent...
                                                                presort='deprecated',
                                                                random_state=1851,
                                                                subsample=1.0,
                                                                tol=0.0001,
                                                                validation_fraction=0.1,
                                                                verbose=0,
                                                                warm_start=False)),
                                    ('lda',
                                     LinearDiscriminantAnalysis(n_components=None,
                                                                priors=None,
                                                                shrinkage=None,
                                                                solver='svd',
                                                                store_covariance=False,
                                                                tol=0.0001))],
                        flatten_transform=True, n_jobs=-1, verbose=False,
                        voting='soft', weight_0=1, weight_1=1, weight_2=1,
                        weights=[1, 1, 1])
2020-11-12 17:53:37,447:INFO:finalize_model() succesfully completed......................................
2020-11-12 17:53:37,586:INFO:Initializing predict_model()
2020-11-12 17:53:37,586:INFO:predict_model(display=None, ml_usecase=MLUsecase.CLASSIFICATION, verbose=True, round=4, encoded_labels=False, probability_threshold=None, estimator=TunableVotingClassifier(estimators=[('lightgbm',
                                     LGBMClassifier(boosting_type='gbdt',
                                                    class_weight=None,
                                                    colsample_bytree=1.0,
                                                    importance_type='split',
                                                    learning_rate=0.1,
                                                    max_depth=-1,
                                                    min_child_samples=20,
                                                    min_child_weight=0.001,
                                                    min_split_gain=0.0,
                                                    n_estimators=100, n_jobs=-1,
                                                    num_leaves=31,
                                                    objective=None,
                                                    random_state=1851,
                                                    reg_alpha=0.0,
                                                    reg_lambda=0.0, silent...
                                                                presort='deprecated',
                                                                random_state=1851,
                                                                subsample=1.0,
                                                                tol=0.0001,
                                                                validation_fraction=0.1,
                                                                verbose=0,
                                                                warm_start=False)),
                                    ('lda',
                                     LinearDiscriminantAnalysis(n_components=None,
                                                                priors=None,
                                                                shrinkage=None,
                                                                solver='svd',
                                                                store_covariance=False,
                                                                tol=0.0001))],
                        flatten_transform=True, n_jobs=-1, verbose=False,
                        voting='soft', weight_0=1, weight_1=1, weight_2=1,
                        weights=[1, 1, 1]))
2020-11-12 17:53:37,587:INFO:Checking exceptions
2020-11-12 17:53:37,587:INFO:Preloading libraries
2020-11-12 17:53:37,587:INFO:Preparing display monitor
2020-11-12 21:53:45,538:INFO:Initializing compare_models()
2020-11-12 21:53:45,538:INFO:compare_models(display=None, verbose=True, groups=None, fit_kwargs=None, errors=ignore, turbo=True, budget_time=None, n_select=3, sort=AUC, cross_validation=True, round=4, fold=None, include=None, exclude=None)
2020-11-12 21:53:45,539:INFO:Checking exceptions
2020-11-12 21:53:45,543:INFO:Preparing display monitor
2020-11-12 21:53:45,544:INFO:Preparing display monitor
2020-11-12 21:53:45,617:INFO:Initializing Logistic Regression
2020-11-12 21:53:45,618:INFO:Total runtime is 1.6617774963378907e-05 minutes
2020-11-12 21:53:45,640:INFO:SubProcess create_model() called ==================================
2020-11-12 21:53:45,641:INFO:Initializing create_model()
2020-11-12 21:53:45,641:INFO:create_model(kwargs={}, display=<pycaret.internal.Display.Display object at 0x000001333722D278>, metrics=None, system=False, verbose=False, refit=False, groups=None, fit_kwargs={}, predict=True, cross_validation=True, round=4, fold=StratifiedKFold(n_splits=10, random_state=1851, shuffle=False), estimator=lr)
2020-11-12 21:53:45,642:INFO:Checking exceptions
2020-11-12 21:53:45,642:INFO:Importing libraries
2020-11-12 21:53:45,642:INFO:Copying training dataset
2020-11-12 21:53:45,660:INFO:Defining folds
2020-11-12 21:53:45,661:INFO:Declaring metric variables
2020-11-12 21:53:45,674:INFO:Importing untrained model
2020-11-12 21:53:45,692:INFO:Logistic Regression Imported succesfully
2020-11-12 21:53:45,727:INFO:Starting cross validation
2020-11-12 21:53:45,729:INFO:Cross validating with StratifiedKFold(n_splits=10, random_state=1851, shuffle=False), n_jobs=-1
2020-11-12 21:54:17,563:INFO:Calculating mean and std
2020-11-12 21:54:17,569:INFO:Creating metrics dataframe
2020-11-12 21:54:17,588:INFO:Uploading results into container
2020-11-12 21:54:17,588:INFO:Uploading model into container now
2020-11-12 21:54:17,588:INFO:create_model_container: 18
2020-11-12 21:54:17,589:INFO:master_model_container: 18
2020-11-12 21:54:17,589:INFO:display_container: 6
2020-11-12 21:54:17,590:INFO:LogisticRegression(C=1.0, class_weight=None, dual=False, fit_intercept=True,
                   intercept_scaling=1, l1_ratio=None, max_iter=1000,
                   multi_class='auto', n_jobs=None, penalty='l2',
                   random_state=1851, solver='lbfgs', tol=0.0001, verbose=0,
                   warm_start=False)
2020-11-12 21:54:17,590:INFO:create_model() succesfully completed......................................
2020-11-12 21:54:17,724:INFO:SubProcess create_model() end ==================================
2020-11-12 21:54:17,724:INFO:Creating metrics dataframe
2020-11-12 21:54:17,754:INFO:Initializing K Neighbors Classifier
2020-11-12 21:54:17,754:INFO:Total runtime is 0.5356139898300172 minutes
2020-11-12 21:54:17,769:INFO:SubProcess create_model() called ==================================
2020-11-12 21:54:17,770:INFO:Initializing create_model()
2020-11-12 21:54:17,770:INFO:create_model(kwargs={}, display=<pycaret.internal.Display.Display object at 0x000001333722D278>, metrics=None, system=False, verbose=False, refit=False, groups=None, fit_kwargs={}, predict=True, cross_validation=True, round=4, fold=StratifiedKFold(n_splits=10, random_state=1851, shuffle=False), estimator=knn)
2020-11-12 21:54:17,770:INFO:Checking exceptions
2020-11-12 21:54:17,771:INFO:Importing libraries
2020-11-12 21:54:17,771:INFO:Copying training dataset
2020-11-12 21:54:17,791:INFO:Defining folds
2020-11-12 21:54:17,791:INFO:Declaring metric variables
2020-11-12 21:54:17,809:INFO:Importing untrained model
2020-11-12 21:54:17,829:INFO:K Neighbors Classifier Imported succesfully
2020-11-12 21:54:17,873:INFO:Starting cross validation
2020-11-12 21:54:17,874:INFO:Cross validating with StratifiedKFold(n_splits=10, random_state=1851, shuffle=False), n_jobs=-1
2020-11-12 21:56:52,901:INFO:Calculating mean and std
2020-11-12 21:56:52,903:INFO:Creating metrics dataframe
2020-11-12 21:56:52,911:INFO:Uploading results into container
2020-11-12 21:56:52,912:INFO:Uploading model into container now
2020-11-12 21:56:52,912:INFO:create_model_container: 19
2020-11-12 21:56:52,912:INFO:master_model_container: 19
2020-11-12 21:56:52,912:INFO:display_container: 6
2020-11-12 21:56:52,913:INFO:KNeighborsClassifier(algorithm='auto', leaf_size=30, metric='minkowski',
                     metric_params=None, n_jobs=-1, n_neighbors=5, p=2,
                     weights='uniform')
2020-11-12 21:56:52,914:INFO:create_model() succesfully completed......................................
2020-11-12 21:56:53,041:INFO:SubProcess create_model() end ==================================
2020-11-12 21:56:53,041:INFO:Creating metrics dataframe
2020-11-12 21:56:53,081:INFO:Initializing Naive Bayes
2020-11-12 21:56:53,081:INFO:Total runtime is 3.1244112412134806 minutes
2020-11-12 21:56:53,102:INFO:SubProcess create_model() called ==================================
2020-11-12 21:56:53,103:INFO:Initializing create_model()
2020-11-12 21:56:53,103:INFO:create_model(kwargs={}, display=<pycaret.internal.Display.Display object at 0x000001333722D278>, metrics=None, system=False, verbose=False, refit=False, groups=None, fit_kwargs={}, predict=True, cross_validation=True, round=4, fold=StratifiedKFold(n_splits=10, random_state=1851, shuffle=False), estimator=nb)
2020-11-12 21:56:53,103:INFO:Checking exceptions
2020-11-12 21:56:53,103:INFO:Importing libraries
2020-11-12 21:56:53,103:INFO:Copying training dataset
2020-11-12 21:56:53,125:INFO:Defining folds
2020-11-12 21:56:53,126:INFO:Declaring metric variables
2020-11-12 21:56:53,141:INFO:Importing untrained model
2020-11-12 21:56:53,157:INFO:Naive Bayes Imported succesfully
2020-11-12 21:56:53,197:INFO:Starting cross validation
2020-11-12 21:56:53,198:INFO:Cross validating with StratifiedKFold(n_splits=10, random_state=1851, shuffle=False), n_jobs=-1
2020-11-12 21:56:54,179:INFO:Calculating mean and std
2020-11-12 21:56:54,182:INFO:Creating metrics dataframe
2020-11-12 21:56:54,192:INFO:Uploading results into container
2020-11-12 21:56:54,192:INFO:Uploading model into container now
2020-11-12 21:56:54,192:INFO:create_model_container: 20
2020-11-12 21:56:54,193:INFO:master_model_container: 20
2020-11-12 21:56:54,193:INFO:display_container: 6
2020-11-12 21:56:54,193:INFO:GaussianNB(priors=None, var_smoothing=1e-09)
2020-11-12 21:56:54,193:INFO:create_model() succesfully completed......................................
2020-11-12 21:56:54,306:INFO:SubProcess create_model() end ==================================
2020-11-12 21:56:54,306:INFO:Creating metrics dataframe
2020-11-12 21:56:54,353:INFO:Initializing Decision Tree Classifier
2020-11-12 21:56:54,353:INFO:Total runtime is 3.1455960075060525 minutes
2020-11-12 21:56:54,365:INFO:SubProcess create_model() called ==================================
2020-11-12 21:56:54,367:INFO:Initializing create_model()
2020-11-12 21:56:54,367:INFO:create_model(kwargs={}, display=<pycaret.internal.Display.Display object at 0x000001333722D278>, metrics=None, system=False, verbose=False, refit=False, groups=None, fit_kwargs={}, predict=True, cross_validation=True, round=4, fold=StratifiedKFold(n_splits=10, random_state=1851, shuffle=False), estimator=dt)
2020-11-12 21:56:54,367:INFO:Checking exceptions
2020-11-12 21:56:54,367:INFO:Importing libraries
2020-11-12 21:56:54,367:INFO:Copying training dataset
2020-11-12 21:56:54,385:INFO:Defining folds
2020-11-12 21:56:54,385:INFO:Declaring metric variables
2020-11-12 21:56:54,399:INFO:Importing untrained model
2020-11-12 21:56:54,417:INFO:Decision Tree Classifier Imported succesfully
2020-11-12 21:56:54,445:INFO:Starting cross validation
2020-11-12 21:56:54,446:INFO:Cross validating with StratifiedKFold(n_splits=10, random_state=1851, shuffle=False), n_jobs=-1
2020-11-12 21:57:03,428:INFO:Calculating mean and std
2020-11-12 21:57:03,431:INFO:Creating metrics dataframe
2020-11-12 21:57:03,449:INFO:Uploading results into container
2020-11-12 21:57:03,450:INFO:Uploading model into container now
2020-11-12 21:57:03,450:INFO:create_model_container: 21
2020-11-12 21:57:03,450:INFO:master_model_container: 21
2020-11-12 21:57:03,450:INFO:display_container: 6
2020-11-12 21:57:03,451:INFO:DecisionTreeClassifier(ccp_alpha=0.0, class_weight=None, criterion='gini',
                       max_depth=None, max_features=None, max_leaf_nodes=None,
                       min_impurity_decrease=0.0, min_impurity_split=None,
                       min_samples_leaf=1, min_samples_split=2,
                       min_weight_fraction_leaf=0.0, presort='deprecated',
                       random_state=1851, splitter='best')
2020-11-12 21:57:03,451:INFO:create_model() succesfully completed......................................
2020-11-12 21:57:03,559:INFO:SubProcess create_model() end ==================================
2020-11-12 21:57:03,559:INFO:Creating metrics dataframe
2020-11-12 21:57:03,616:INFO:Initializing SVM - Linear Kernel
2020-11-12 21:57:03,616:INFO:Total runtime is 3.299982098738352 minutes
2020-11-12 21:57:03,630:INFO:SubProcess create_model() called ==================================
2020-11-12 21:57:03,631:INFO:Initializing create_model()
2020-11-12 21:57:03,631:INFO:create_model(kwargs={}, display=<pycaret.internal.Display.Display object at 0x000001333722D278>, metrics=None, system=False, verbose=False, refit=False, groups=None, fit_kwargs={}, predict=True, cross_validation=True, round=4, fold=StratifiedKFold(n_splits=10, random_state=1851, shuffle=False), estimator=svm)
2020-11-12 21:57:03,631:INFO:Checking exceptions
2020-11-12 21:57:03,631:INFO:Importing libraries
2020-11-12 21:57:03,631:INFO:Copying training dataset
2020-11-12 21:57:03,649:INFO:Defining folds
2020-11-12 21:57:03,650:INFO:Declaring metric variables
2020-11-12 21:57:03,662:INFO:Importing untrained model
2020-11-12 21:57:03,679:INFO:SVM - Linear Kernel Imported succesfully
2020-11-12 21:57:03,715:INFO:Starting cross validation
2020-11-12 21:57:03,717:INFO:Cross validating with StratifiedKFold(n_splits=10, random_state=1851, shuffle=False), n_jobs=-1
2020-11-12 21:57:06,018:INFO:Calculating mean and std
2020-11-12 21:57:06,021:INFO:Creating metrics dataframe
2020-11-12 21:57:06,030:INFO:Uploading results into container
2020-11-12 21:57:06,031:INFO:Uploading model into container now
2020-11-12 21:57:06,031:INFO:create_model_container: 22
2020-11-12 21:57:06,031:INFO:master_model_container: 22
2020-11-12 21:57:06,031:INFO:display_container: 6
2020-11-12 21:57:06,032:INFO:SGDClassifier(alpha=0.0001, average=False, class_weight=None,
              early_stopping=False, epsilon=0.1, eta0=0.001, fit_intercept=True,
              l1_ratio=0.15, learning_rate='optimal', loss='hinge',
              max_iter=1000, n_iter_no_change=5, n_jobs=-1, penalty='l2',
              power_t=0.5, random_state=1851, shuffle=True, tol=0.001,
              validation_fraction=0.1, verbose=0, warm_start=False)
2020-11-12 21:57:06,032:INFO:create_model() succesfully completed......................................
2020-11-12 21:57:06,137:INFO:SubProcess create_model() end ==================================
2020-11-12 21:57:06,137:INFO:Creating metrics dataframe
2020-11-12 21:57:06,224:INFO:Initializing Ridge Classifier
2020-11-12 21:57:06,225:INFO:Total runtime is 3.3434693217277522 minutes
2020-11-12 21:57:06,240:INFO:SubProcess create_model() called ==================================
2020-11-12 21:57:06,240:INFO:Initializing create_model()
2020-11-12 21:57:06,241:INFO:create_model(kwargs={}, display=<pycaret.internal.Display.Display object at 0x000001333722D278>, metrics=None, system=False, verbose=False, refit=False, groups=None, fit_kwargs={}, predict=True, cross_validation=True, round=4, fold=StratifiedKFold(n_splits=10, random_state=1851, shuffle=False), estimator=ridge)
2020-11-12 21:57:06,241:INFO:Checking exceptions
2020-11-12 21:57:06,241:INFO:Importing libraries
2020-11-12 21:57:06,241:INFO:Copying training dataset
2020-11-12 21:57:06,259:INFO:Defining folds
2020-11-12 21:57:06,260:INFO:Declaring metric variables
2020-11-12 21:57:06,274:INFO:Importing untrained model
2020-11-12 21:57:06,291:INFO:Ridge Classifier Imported succesfully
2020-11-12 21:57:06,322:INFO:Starting cross validation
2020-11-12 21:57:06,323:INFO:Cross validating with StratifiedKFold(n_splits=10, random_state=1851, shuffle=False), n_jobs=-1
2020-11-12 21:57:07,319:INFO:Calculating mean and std
2020-11-12 21:57:07,323:INFO:Creating metrics dataframe
2020-11-12 21:57:07,344:INFO:Uploading results into container
2020-11-12 21:57:07,345:INFO:Uploading model into container now
2020-11-12 21:57:07,345:INFO:create_model_container: 23
2020-11-12 21:57:07,346:INFO:master_model_container: 23
2020-11-12 21:57:07,346:INFO:display_container: 6
2020-11-12 21:57:07,347:INFO:RidgeClassifier(alpha=1.0, class_weight=None, copy_X=True, fit_intercept=True,
                max_iter=None, normalize=False, random_state=1851,
                solver='auto', tol=0.001)
2020-11-12 21:57:07,348:INFO:create_model() succesfully completed......................................
2020-11-12 21:57:07,533:INFO:SubProcess create_model() end ==================================
2020-11-12 21:57:07,534:INFO:Creating metrics dataframe
2020-11-12 21:57:07,634:INFO:Initializing Random Forest Classifier
2020-11-12 21:57:07,635:INFO:Total runtime is 3.3669694304466242 minutes
2020-11-12 21:57:07,650:INFO:SubProcess create_model() called ==================================
2020-11-12 21:57:07,651:INFO:Initializing create_model()
2020-11-12 21:57:07,651:INFO:create_model(kwargs={}, display=<pycaret.internal.Display.Display object at 0x000001333722D278>, metrics=None, system=False, verbose=False, refit=False, groups=None, fit_kwargs={}, predict=True, cross_validation=True, round=4, fold=StratifiedKFold(n_splits=10, random_state=1851, shuffle=False), estimator=rf)
2020-11-12 21:57:07,651:INFO:Checking exceptions
2020-11-12 21:57:07,651:INFO:Importing libraries
2020-11-12 21:57:07,652:INFO:Copying training dataset
2020-11-12 21:57:07,670:INFO:Defining folds
2020-11-12 21:57:07,671:INFO:Declaring metric variables
2020-11-12 21:57:07,684:INFO:Importing untrained model
2020-11-12 21:57:07,700:INFO:Random Forest Classifier Imported succesfully
2020-11-12 21:57:07,725:INFO:Starting cross validation
2020-11-12 21:57:07,726:INFO:Cross validating with StratifiedKFold(n_splits=10, random_state=1851, shuffle=False), n_jobs=-1
2020-11-12 21:57:45,380:INFO:Calculating mean and std
2020-11-12 21:57:45,382:INFO:Creating metrics dataframe
2020-11-12 21:57:45,392:INFO:Uploading results into container
2020-11-12 21:57:45,392:INFO:Uploading model into container now
2020-11-12 21:57:45,392:INFO:create_model_container: 24
2020-11-12 21:57:45,392:INFO:master_model_container: 24
2020-11-12 21:57:45,393:INFO:display_container: 6
2020-11-12 21:57:45,394:INFO:RandomForestClassifier(bootstrap=True, ccp_alpha=0.0, class_weight=None,
                       criterion='gini', max_depth=None, max_features='auto',
                       max_leaf_nodes=None, max_samples=None,
                       min_impurity_decrease=0.0, min_impurity_split=None,
                       min_samples_leaf=1, min_samples_split=2,
                       min_weight_fraction_leaf=0.0, n_estimators=100,
                       n_jobs=-1, oob_score=False, random_state=1851, verbose=0,
                       warm_start=False)
2020-11-12 21:57:45,394:INFO:create_model() succesfully completed......................................
2020-11-12 21:57:45,490:INFO:SubProcess create_model() end ==================================
2020-11-12 21:57:45,490:INFO:Creating metrics dataframe
2020-11-12 21:57:45,564:INFO:Initializing Quadratic Discriminant Analysis
2020-11-12 21:57:45,565:INFO:Total runtime is 3.999128874142964 minutes
2020-11-12 21:57:45,585:INFO:SubProcess create_model() called ==================================
2020-11-12 21:57:45,586:INFO:Initializing create_model()
2020-11-12 21:57:45,586:INFO:create_model(kwargs={}, display=<pycaret.internal.Display.Display object at 0x000001333722D278>, metrics=None, system=False, verbose=False, refit=False, groups=None, fit_kwargs={}, predict=True, cross_validation=True, round=4, fold=StratifiedKFold(n_splits=10, random_state=1851, shuffle=False), estimator=qda)
2020-11-12 21:57:45,587:INFO:Checking exceptions
2020-11-12 21:57:45,587:INFO:Importing libraries
2020-11-12 21:57:45,587:INFO:Copying training dataset
2020-11-12 21:57:45,608:INFO:Defining folds
2020-11-12 21:57:45,608:INFO:Declaring metric variables
2020-11-12 21:57:45,631:INFO:Importing untrained model
2020-11-12 21:57:45,653:INFO:Quadratic Discriminant Analysis Imported succesfully
2020-11-12 21:57:45,696:INFO:Starting cross validation
2020-11-12 21:57:45,697:INFO:Cross validating with StratifiedKFold(n_splits=10, random_state=1851, shuffle=False), n_jobs=-1
2020-11-12 21:57:52,967:INFO:Calculating mean and std
2020-11-12 21:57:52,969:INFO:Creating metrics dataframe
2020-11-12 21:57:52,977:INFO:Uploading results into container
2020-11-12 21:57:52,978:INFO:Uploading model into container now
2020-11-12 21:57:52,978:INFO:create_model_container: 25
2020-11-12 21:57:52,978:INFO:master_model_container: 25
2020-11-12 21:57:52,978:INFO:display_container: 6
2020-11-12 21:57:52,979:INFO:QuadraticDiscriminantAnalysis(priors=None, reg_param=0.0,
                              store_covariance=False, tol=0.0001)
2020-11-12 21:57:52,979:INFO:create_model() succesfully completed......................................
2020-11-12 21:57:53,087:INFO:SubProcess create_model() end ==================================
2020-11-12 21:57:53,087:INFO:Creating metrics dataframe
2020-11-12 21:57:53,179:INFO:Initializing Ada Boost Classifier
2020-11-12 21:57:53,179:INFO:Total runtime is 4.126032996177672 minutes
2020-11-12 21:57:53,201:INFO:SubProcess create_model() called ==================================
2020-11-12 21:57:53,202:INFO:Initializing create_model()
2020-11-12 21:57:53,202:INFO:create_model(kwargs={}, display=<pycaret.internal.Display.Display object at 0x000001333722D278>, metrics=None, system=False, verbose=False, refit=False, groups=None, fit_kwargs={}, predict=True, cross_validation=True, round=4, fold=StratifiedKFold(n_splits=10, random_state=1851, shuffle=False), estimator=ada)
2020-11-12 21:57:53,202:INFO:Checking exceptions
2020-11-12 21:57:53,203:INFO:Importing libraries
2020-11-12 21:57:53,203:INFO:Copying training dataset
2020-11-12 21:57:53,228:INFO:Defining folds
2020-11-12 21:57:53,228:INFO:Declaring metric variables
2020-11-12 21:57:53,252:INFO:Importing untrained model
2020-11-12 21:57:53,274:INFO:Ada Boost Classifier Imported succesfully
2020-11-12 21:57:53,321:INFO:Starting cross validation
2020-11-12 21:57:53,322:INFO:Cross validating with StratifiedKFold(n_splits=10, random_state=1851, shuffle=False), n_jobs=-1
2020-11-12 21:58:16,463:INFO:Calculating mean and std
2020-11-12 21:58:16,466:INFO:Creating metrics dataframe
2020-11-12 21:58:16,486:INFO:Uploading results into container
2020-11-12 21:58:16,487:INFO:Uploading model into container now
2020-11-12 21:58:16,488:INFO:create_model_container: 26
2020-11-12 21:58:16,488:INFO:master_model_container: 26
2020-11-12 21:58:16,489:INFO:display_container: 6
2020-11-12 21:58:16,490:INFO:AdaBoostClassifier(algorithm='SAMME.R', base_estimator=None, learning_rate=1.0,
                   n_estimators=50, random_state=1851)
2020-11-12 21:58:16,490:INFO:create_model() succesfully completed......................................
2020-11-12 21:58:16,605:INFO:SubProcess create_model() end ==================================
2020-11-12 21:58:16,605:INFO:Creating metrics dataframe
2020-11-12 21:58:16,710:INFO:Initializing Gradient Boosting Classifier
2020-11-12 21:58:16,711:INFO:Total runtime is 4.518236660957335 minutes
2020-11-12 21:58:16,726:INFO:SubProcess create_model() called ==================================
2020-11-12 21:58:16,727:INFO:Initializing create_model()
2020-11-12 21:58:16,727:INFO:create_model(kwargs={}, display=<pycaret.internal.Display.Display object at 0x000001333722D278>, metrics=None, system=False, verbose=False, refit=False, groups=None, fit_kwargs={}, predict=True, cross_validation=True, round=4, fold=StratifiedKFold(n_splits=10, random_state=1851, shuffle=False), estimator=gbc)
2020-11-12 21:58:16,727:INFO:Checking exceptions
2020-11-12 21:58:16,727:INFO:Importing libraries
2020-11-12 21:58:16,727:INFO:Copying training dataset
2020-11-12 21:58:16,745:INFO:Defining folds
2020-11-12 21:58:16,745:INFO:Declaring metric variables
2020-11-12 21:58:16,758:INFO:Importing untrained model
2020-11-12 21:58:16,772:INFO:Gradient Boosting Classifier Imported succesfully
2020-11-12 21:58:16,803:INFO:Starting cross validation
2020-11-12 21:58:16,805:INFO:Cross validating with StratifiedKFold(n_splits=10, random_state=1851, shuffle=False), n_jobs=-1
2020-11-12 22:00:21,252:INFO:Calculating mean and std
2020-11-12 22:00:21,255:INFO:Creating metrics dataframe
2020-11-12 22:00:21,270:INFO:Uploading results into container
2020-11-12 22:00:21,271:INFO:Uploading model into container now
2020-11-12 22:00:21,271:INFO:create_model_container: 27
2020-11-12 22:00:21,271:INFO:master_model_container: 27
2020-11-12 22:00:21,271:INFO:display_container: 6
2020-11-12 22:00:21,273:INFO:GradientBoostingClassifier(ccp_alpha=0.0, criterion='friedman_mse', init=None,
                           learning_rate=0.1, loss='deviance', max_depth=3,
                           max_features=None, max_leaf_nodes=None,
                           min_impurity_decrease=0.0, min_impurity_split=None,
                           min_samples_leaf=1, min_samples_split=2,
                           min_weight_fraction_leaf=0.0, n_estimators=100,
                           n_iter_no_change=None, presort='deprecated',
                           random_state=1851, subsample=1.0, tol=0.0001,
                           validation_fraction=0.1, verbose=0,
                           warm_start=False)
2020-11-12 22:00:21,273:INFO:create_model() succesfully completed......................................
2020-11-12 22:00:21,397:INFO:SubProcess create_model() end ==================================
2020-11-12 22:00:21,397:INFO:Creating metrics dataframe
2020-11-12 22:00:21,488:INFO:Initializing Linear Discriminant Analysis
2020-11-12 22:00:21,488:INFO:Total runtime is 6.597858099142709 minutes
2020-11-12 22:00:21,510:INFO:SubProcess create_model() called ==================================
2020-11-12 22:00:21,511:INFO:Initializing create_model()
2020-11-12 22:00:21,511:INFO:create_model(kwargs={}, display=<pycaret.internal.Display.Display object at 0x000001333722D278>, metrics=None, system=False, verbose=False, refit=False, groups=None, fit_kwargs={}, predict=True, cross_validation=True, round=4, fold=StratifiedKFold(n_splits=10, random_state=1851, shuffle=False), estimator=lda)
2020-11-12 22:00:21,511:INFO:Checking exceptions
2020-11-12 22:00:21,511:INFO:Importing libraries
2020-11-12 22:00:21,512:INFO:Copying training dataset
2020-11-12 22:00:21,531:INFO:Defining folds
2020-11-12 22:00:21,532:INFO:Declaring metric variables
2020-11-12 22:00:21,552:INFO:Importing untrained model
2020-11-12 22:00:21,571:INFO:Linear Discriminant Analysis Imported succesfully
2020-11-12 22:00:21,600:INFO:Starting cross validation
2020-11-12 22:00:21,601:INFO:Cross validating with StratifiedKFold(n_splits=10, random_state=1851, shuffle=False), n_jobs=-1
2020-11-12 22:00:28,250:INFO:Calculating mean and std
2020-11-12 22:00:28,253:INFO:Creating metrics dataframe
2020-11-12 22:00:28,274:INFO:Uploading results into container
2020-11-12 22:00:28,274:INFO:Uploading model into container now
2020-11-12 22:00:28,275:INFO:create_model_container: 28
2020-11-12 22:00:28,275:INFO:master_model_container: 28
2020-11-12 22:00:28,276:INFO:display_container: 6
2020-11-12 22:00:28,277:INFO:LinearDiscriminantAnalysis(n_components=None, priors=None, shrinkage=None,
                           solver='svd', store_covariance=False, tol=0.0001)
2020-11-12 22:00:28,277:INFO:create_model() succesfully completed......................................
2020-11-12 22:00:28,451:INFO:SubProcess create_model() end ==================================
2020-11-12 22:00:28,452:INFO:Creating metrics dataframe
2020-11-12 22:00:28,562:INFO:Initializing Extra Trees Classifier
2020-11-12 22:00:28,563:INFO:Total runtime is 6.715777162710824 minutes
2020-11-12 22:00:28,582:INFO:SubProcess create_model() called ==================================
2020-11-12 22:00:28,583:INFO:Initializing create_model()
2020-11-12 22:00:28,583:INFO:create_model(kwargs={}, display=<pycaret.internal.Display.Display object at 0x000001333722D278>, metrics=None, system=False, verbose=False, refit=False, groups=None, fit_kwargs={}, predict=True, cross_validation=True, round=4, fold=StratifiedKFold(n_splits=10, random_state=1851, shuffle=False), estimator=et)
2020-11-12 22:00:28,583:INFO:Checking exceptions
2020-11-12 22:00:28,583:INFO:Importing libraries
2020-11-12 22:00:28,584:INFO:Copying training dataset
2020-11-12 22:00:28,604:INFO:Defining folds
2020-11-12 22:00:28,604:INFO:Declaring metric variables
2020-11-12 22:00:28,618:INFO:Importing untrained model
2020-11-12 22:00:28,635:INFO:Extra Trees Classifier Imported succesfully
2020-11-12 22:00:28,665:INFO:Starting cross validation
2020-11-12 22:00:28,667:INFO:Cross validating with StratifiedKFold(n_splits=10, random_state=1851, shuffle=False), n_jobs=-1
2020-11-12 22:01:11,128:INFO:Calculating mean and std
2020-11-12 22:01:11,130:INFO:Creating metrics dataframe
2020-11-12 22:01:11,141:INFO:Uploading results into container
2020-11-12 22:01:11,142:INFO:Uploading model into container now
2020-11-12 22:01:11,142:INFO:create_model_container: 29
2020-11-12 22:01:11,142:INFO:master_model_container: 29
2020-11-12 22:01:11,142:INFO:display_container: 6
2020-11-12 22:01:11,143:INFO:ExtraTreesClassifier(bootstrap=False, ccp_alpha=0.0, class_weight=None,
                     criterion='gini', max_depth=None, max_features='auto',
                     max_leaf_nodes=None, max_samples=None,
                     min_impurity_decrease=0.0, min_impurity_split=None,
                     min_samples_leaf=1, min_samples_split=2,
                     min_weight_fraction_leaf=0.0, n_estimators=100, n_jobs=-1,
                     oob_score=False, random_state=1851, verbose=0,
                     warm_start=False)
2020-11-12 22:01:11,144:INFO:create_model() succesfully completed......................................
2020-11-12 22:01:11,271:INFO:SubProcess create_model() end ==================================
2020-11-12 22:01:11,271:INFO:Creating metrics dataframe
2020-11-12 22:01:11,415:INFO:Initializing Extreme Gradient Boosting
2020-11-12 22:01:11,416:INFO:Total runtime is 7.42998120387395 minutes
2020-11-12 22:01:11,434:INFO:SubProcess create_model() called ==================================
2020-11-12 22:01:11,435:INFO:Initializing create_model()
2020-11-12 22:01:11,436:INFO:create_model(kwargs={}, display=<pycaret.internal.Display.Display object at 0x000001333722D278>, metrics=None, system=False, verbose=False, refit=False, groups=None, fit_kwargs={}, predict=True, cross_validation=True, round=4, fold=StratifiedKFold(n_splits=10, random_state=1851, shuffle=False), estimator=xgboost)
2020-11-12 22:01:11,436:INFO:Checking exceptions
2020-11-12 22:01:11,437:INFO:Importing libraries
2020-11-12 22:01:11,437:INFO:Copying training dataset
2020-11-12 22:01:11,462:INFO:Defining folds
2020-11-12 22:01:11,462:INFO:Declaring metric variables
2020-11-12 22:01:11,482:INFO:Importing untrained model
2020-11-12 22:01:11,505:INFO:Extreme Gradient Boosting Imported succesfully
2020-11-12 22:01:11,545:INFO:Starting cross validation
2020-11-12 22:01:11,546:INFO:Cross validating with StratifiedKFold(n_splits=10, random_state=1851, shuffle=False), n_jobs=-1
2020-11-12 22:01:11,559:WARNING:create_model() for xgboost raised an exception or returned all 0.0, trying without fit_kwargs:
2020-11-12 22:01:11,561:WARNING:Traceback (most recent call last):
  File "C:\Users\hande\Anaconda3\lib\site-packages\joblib\parallel.py", line 797, in dispatch_one_batch
    tasks = self._ready_batches.get(block=False)
  File "C:\Users\hande\Anaconda3\lib\queue.py", line 161, in get
    raise Empty
queue.Empty

During handling of the above exception, another exception occurred:

Traceback (most recent call last):
  File "C:\Users\hande\Anaconda3\lib\site-packages\pycaret\internal\tabular.py", line 2146, in compare_models
    refit=False,
  File "C:\Users\hande\Anaconda3\lib\site-packages\pycaret\internal\tabular.py", line 3089, in create_model_supervised
    error_score=0,
  File "C:\Users\hande\Anaconda3\lib\site-packages\sklearn\utils\validation.py", line 72, in inner_f
    return f(**kwargs)
  File "C:\Users\hande\Anaconda3\lib\site-packages\sklearn\model_selection\_validation.py", line 248, in cross_validate
    for train, test in cv.split(X, y, groups))
  File "C:\Users\hande\Anaconda3\lib\site-packages\joblib\parallel.py", line 1004, in __call__
    if self.dispatch_one_batch(iterator):
  File "C:\Users\hande\Anaconda3\lib\site-packages\joblib\parallel.py", line 808, in dispatch_one_batch
    islice = list(itertools.islice(iterator, big_batch_size))
  File "C:\Users\hande\Anaconda3\lib\site-packages\sklearn\model_selection\_validation.py", line 248, in <genexpr>
    for train, test in cv.split(X, y, groups))
  File "C:\Users\hande\Anaconda3\lib\site-packages\sklearn\utils\validation.py", line 72, in inner_f
    return f(**kwargs)
  File "C:\Users\hande\Anaconda3\lib\site-packages\sklearn\base.py", line 88, in clone
    new_object = klass(**new_object_params)
  File "C:\Users\hande\Anaconda3\lib\site-packages\pycaret\internal\pipeline.py", line 24, in __init__
    self._carry_over_final_estimator_fit_vars()
  File "C:\Users\hande\Anaconda3\lib\site-packages\pycaret\internal\pipeline.py", line 58, in _carry_over_final_estimator_fit_vars
    self._final_estimator
  File "C:\Users\hande\Anaconda3\lib\site-packages\pycaret\internal\utils.py", line 557, in get_all_object_vars_and_properties
    for k in object.__dir__()
  File "C:\Users\hande\Anaconda3\lib\site-packages\pycaret\internal\utils.py", line 558, in <dictcomp>
    if k[:2] != "__" and type(getattr(object, k, "")).__name__ != "method"
  File "C:\Users\hande\Anaconda3\lib\site-packages\xgboost\sklearn.py", line 687, in feature_importances_
    b = self.get_booster()
  File "C:\Users\hande\Anaconda3\lib\site-packages\xgboost\sklearn.py", line 261, in get_booster
    raise XGBoostError('need to call fit or load_model beforehand')
xgboost.core.XGBoostError: need to call fit or load_model beforehand

2020-11-12 22:01:11,562:INFO:Initializing create_model()
2020-11-12 22:01:11,562:INFO:create_model(kwargs={}, display=<pycaret.internal.Display.Display object at 0x000001333722D278>, metrics=None, system=False, verbose=False, refit=False, groups=None, fit_kwargs=None, predict=True, cross_validation=True, round=4, fold=StratifiedKFold(n_splits=10, random_state=1851, shuffle=False), estimator=xgboost)
2020-11-12 22:01:11,562:INFO:Checking exceptions
2020-11-12 22:01:11,562:INFO:Importing libraries
2020-11-12 22:01:11,563:INFO:Copying training dataset
2020-11-12 22:01:11,588:INFO:Defining folds
2020-11-12 22:01:11,588:INFO:Declaring metric variables
2020-11-12 22:01:11,611:INFO:Importing untrained model
2020-11-12 22:01:11,633:INFO:Extreme Gradient Boosting Imported succesfully
2020-11-12 22:01:11,683:INFO:Starting cross validation
2020-11-12 22:01:11,684:INFO:Cross validating with StratifiedKFold(n_splits=10, random_state=1851, shuffle=False), n_jobs=-1
2020-11-12 22:01:11,699:ERROR:create_model() for xgboost raised an exception:
2020-11-12 22:01:11,704:ERROR:Traceback (most recent call last):
  File "C:\Users\hande\Anaconda3\lib\site-packages\joblib\parallel.py", line 797, in dispatch_one_batch
    tasks = self._ready_batches.get(block=False)
  File "C:\Users\hande\Anaconda3\lib\queue.py", line 161, in get
    raise Empty
queue.Empty

During handling of the above exception, another exception occurred:

Traceback (most recent call last):
  File "C:\Users\hande\Anaconda3\lib\site-packages\pycaret\internal\tabular.py", line 2146, in compare_models
    refit=False,
  File "C:\Users\hande\Anaconda3\lib\site-packages\pycaret\internal\tabular.py", line 3089, in create_model_supervised
    error_score=0,
  File "C:\Users\hande\Anaconda3\lib\site-packages\sklearn\utils\validation.py", line 72, in inner_f
    return f(**kwargs)
  File "C:\Users\hande\Anaconda3\lib\site-packages\sklearn\model_selection\_validation.py", line 248, in cross_validate
    for train, test in cv.split(X, y, groups))
  File "C:\Users\hande\Anaconda3\lib\site-packages\joblib\parallel.py", line 1004, in __call__
    if self.dispatch_one_batch(iterator):
  File "C:\Users\hande\Anaconda3\lib\site-packages\joblib\parallel.py", line 808, in dispatch_one_batch
    islice = list(itertools.islice(iterator, big_batch_size))
  File "C:\Users\hande\Anaconda3\lib\site-packages\sklearn\model_selection\_validation.py", line 248, in <genexpr>
    for train, test in cv.split(X, y, groups))
  File "C:\Users\hande\Anaconda3\lib\site-packages\sklearn\utils\validation.py", line 72, in inner_f
    return f(**kwargs)
  File "C:\Users\hande\Anaconda3\lib\site-packages\sklearn\base.py", line 88, in clone
    new_object = klass(**new_object_params)
  File "C:\Users\hande\Anaconda3\lib\site-packages\pycaret\internal\pipeline.py", line 24, in __init__
    self._carry_over_final_estimator_fit_vars()
  File "C:\Users\hande\Anaconda3\lib\site-packages\pycaret\internal\pipeline.py", line 58, in _carry_over_final_estimator_fit_vars
    self._final_estimator
  File "C:\Users\hande\Anaconda3\lib\site-packages\pycaret\internal\utils.py", line 557, in get_all_object_vars_and_properties
    for k in object.__dir__()
  File "C:\Users\hande\Anaconda3\lib\site-packages\pycaret\internal\utils.py", line 558, in <dictcomp>
    if k[:2] != "__" and type(getattr(object, k, "")).__name__ != "method"
  File "C:\Users\hande\Anaconda3\lib\site-packages\xgboost\sklearn.py", line 687, in feature_importances_
    b = self.get_booster()
  File "C:\Users\hande\Anaconda3\lib\site-packages\xgboost\sklearn.py", line 261, in get_booster
    raise XGBoostError('need to call fit or load_model beforehand')
xgboost.core.XGBoostError: need to call fit or load_model beforehand

During handling of the above exception, another exception occurred:

Traceback (most recent call last):
  File "C:\Users\hande\Anaconda3\lib\site-packages\joblib\parallel.py", line 797, in dispatch_one_batch
    tasks = self._ready_batches.get(block=False)
  File "C:\Users\hande\Anaconda3\lib\queue.py", line 161, in get
    raise Empty
queue.Empty

During handling of the above exception, another exception occurred:

Traceback (most recent call last):
  File "C:\Users\hande\Anaconda3\lib\site-packages\pycaret\internal\tabular.py", line 2165, in compare_models
    refit=False,
  File "C:\Users\hande\Anaconda3\lib\site-packages\pycaret\internal\tabular.py", line 3089, in create_model_supervised
    error_score=0,
  File "C:\Users\hande\Anaconda3\lib\site-packages\sklearn\utils\validation.py", line 72, in inner_f
    return f(**kwargs)
  File "C:\Users\hande\Anaconda3\lib\site-packages\sklearn\model_selection\_validation.py", line 248, in cross_validate
    for train, test in cv.split(X, y, groups))
  File "C:\Users\hande\Anaconda3\lib\site-packages\joblib\parallel.py", line 1004, in __call__
    if self.dispatch_one_batch(iterator):
  File "C:\Users\hande\Anaconda3\lib\site-packages\joblib\parallel.py", line 808, in dispatch_one_batch
    islice = list(itertools.islice(iterator, big_batch_size))
  File "C:\Users\hande\Anaconda3\lib\site-packages\sklearn\model_selection\_validation.py", line 248, in <genexpr>
    for train, test in cv.split(X, y, groups))
  File "C:\Users\hande\Anaconda3\lib\site-packages\sklearn\utils\validation.py", line 72, in inner_f
    return f(**kwargs)
  File "C:\Users\hande\Anaconda3\lib\site-packages\sklearn\base.py", line 88, in clone
    new_object = klass(**new_object_params)
  File "C:\Users\hande\Anaconda3\lib\site-packages\pycaret\internal\pipeline.py", line 24, in __init__
    self._carry_over_final_estimator_fit_vars()
  File "C:\Users\hande\Anaconda3\lib\site-packages\pycaret\internal\pipeline.py", line 58, in _carry_over_final_estimator_fit_vars
    self._final_estimator
  File "C:\Users\hande\Anaconda3\lib\site-packages\pycaret\internal\utils.py", line 557, in get_all_object_vars_and_properties
    for k in object.__dir__()
  File "C:\Users\hande\Anaconda3\lib\site-packages\pycaret\internal\utils.py", line 558, in <dictcomp>
    if k[:2] != "__" and type(getattr(object, k, "")).__name__ != "method"
  File "C:\Users\hande\Anaconda3\lib\site-packages\xgboost\sklearn.py", line 687, in feature_importances_
    b = self.get_booster()
  File "C:\Users\hande\Anaconda3\lib\site-packages\xgboost\sklearn.py", line 261, in get_booster
    raise XGBoostError('need to call fit or load_model beforehand')
xgboost.core.XGBoostError: need to call fit or load_model beforehand

2020-11-12 22:01:11,711:INFO:Initializing Light Gradient Boosting Machine
2020-11-12 22:01:11,711:INFO:Total runtime is 7.4349060734113035 minutes
2020-11-12 22:01:11,728:INFO:SubProcess create_model() called ==================================
2020-11-12 22:01:11,729:INFO:Initializing create_model()
2020-11-12 22:01:11,729:INFO:create_model(kwargs={}, display=<pycaret.internal.Display.Display object at 0x000001333722D278>, metrics=None, system=False, verbose=False, refit=False, groups=None, fit_kwargs={}, predict=True, cross_validation=True, round=4, fold=StratifiedKFold(n_splits=10, random_state=1851, shuffle=False), estimator=lightgbm)
2020-11-12 22:01:11,729:INFO:Checking exceptions
2020-11-12 22:01:11,730:INFO:Importing libraries
2020-11-12 22:01:11,730:INFO:Copying training dataset
2020-11-12 22:01:11,755:INFO:Defining folds
2020-11-12 22:01:11,755:INFO:Declaring metric variables
2020-11-12 22:01:11,774:INFO:Importing untrained model
2020-11-12 22:01:11,796:INFO:Light Gradient Boosting Machine Imported succesfully
2020-11-12 22:01:11,843:INFO:Starting cross validation
2020-11-12 22:01:11,844:INFO:Cross validating with StratifiedKFold(n_splits=10, random_state=1851, shuffle=False), n_jobs=-1
2020-11-12 22:01:22,102:INFO:Calculating mean and std
2020-11-12 22:01:22,105:INFO:Creating metrics dataframe
2020-11-12 22:01:22,128:INFO:Uploading results into container
2020-11-12 22:01:22,129:INFO:Uploading model into container now
2020-11-12 22:01:22,129:INFO:create_model_container: 30
2020-11-12 22:01:22,130:INFO:master_model_container: 30
2020-11-12 22:01:22,130:INFO:display_container: 6
2020-11-12 22:01:22,132:INFO:LGBMClassifier(boosting_type='gbdt', class_weight=None, colsample_bytree=1.0,
               importance_type='split', learning_rate=0.1, max_depth=-1,
               min_child_samples=20, min_child_weight=0.001, min_split_gain=0.0,
               n_estimators=100, n_jobs=-1, num_leaves=31, objective=None,
               random_state=1851, reg_alpha=0.0, reg_lambda=0.0, silent=True,
               subsample=1.0, subsample_for_bin=200000, subsample_freq=0)
2020-11-12 22:01:22,132:INFO:create_model() succesfully completed......................................
2020-11-12 22:01:22,253:INFO:SubProcess create_model() end ==================================
2020-11-12 22:01:22,253:INFO:Creating metrics dataframe
2020-11-12 22:01:22,340:INFO:Initializing CatBoost Classifier
2020-11-12 22:01:22,341:INFO:Total runtime is 7.6120617429415365 minutes
2020-11-12 22:01:22,360:INFO:SubProcess create_model() called ==================================
2020-11-12 22:01:22,361:INFO:Initializing create_model()
2020-11-12 22:01:22,362:INFO:create_model(kwargs={}, display=<pycaret.internal.Display.Display object at 0x000001333722D278>, metrics=None, system=False, verbose=False, refit=False, groups=None, fit_kwargs={}, predict=True, cross_validation=True, round=4, fold=StratifiedKFold(n_splits=10, random_state=1851, shuffle=False), estimator=catboost)
2020-11-12 22:01:22,363:INFO:Checking exceptions
2020-11-12 22:01:22,363:INFO:Importing libraries
2020-11-12 22:01:22,363:INFO:Copying training dataset
2020-11-12 22:01:22,381:INFO:Defining folds
2020-11-12 22:01:22,381:INFO:Declaring metric variables
2020-11-12 22:01:22,404:INFO:Importing untrained model
2020-11-12 22:01:22,420:INFO:CatBoost Classifier Imported succesfully
2020-11-12 22:01:22,458:INFO:Starting cross validation
2020-11-12 22:01:22,459:INFO:Cross validating with StratifiedKFold(n_splits=10, random_state=1851, shuffle=False), n_jobs=-1
2020-11-12 22:06:47,206:INFO:Calculating mean and std
2020-11-12 22:06:47,208:INFO:Creating metrics dataframe
2020-11-12 22:06:47,221:INFO:Uploading results into container
2020-11-12 22:06:47,222:INFO:Uploading model into container now
2020-11-12 22:06:47,222:INFO:create_model_container: 31
2020-11-12 22:06:47,222:INFO:master_model_container: 31
2020-11-12 22:06:47,223:INFO:display_container: 6
2020-11-12 22:06:47,223:INFO:<catboost.core.CatBoostClassifier object at 0x0000013342C0D6D8>
2020-11-12 22:06:47,223:INFO:create_model() succesfully completed......................................
2020-11-12 22:06:47,375:INFO:SubProcess create_model() end ==================================
2020-11-12 22:06:47,376:INFO:Creating metrics dataframe
2020-11-12 22:06:47,602:INFO:Initializing create_model()
2020-11-12 22:06:47,602:INFO:create_model(kwargs={}, display=None, metrics=None, system=False, verbose=False, refit=True, groups=None, fit_kwargs={}, predict=False, cross_validation=False, round=4, fold=StratifiedKFold(n_splits=10, random_state=1851, shuffle=False), estimator=<catboost.core.CatBoostClassifier object at 0x0000013342C0D6D8>)
2020-11-12 22:06:47,602:INFO:Checking exceptions
2020-11-12 22:06:47,603:INFO:Importing libraries
2020-11-12 22:06:47,603:INFO:Copying training dataset
2020-11-12 22:06:47,626:INFO:Defining folds
2020-11-12 22:06:47,627:INFO:Declaring metric variables
2020-11-12 22:06:47,627:INFO:Importing untrained model
2020-11-12 22:06:47,627:INFO:Declaring custom model
2020-11-12 22:06:47,628:INFO:CatBoost Classifier Imported succesfully
2020-11-12 22:06:47,628:INFO:Cross validation set to False
2020-11-12 22:06:47,629:INFO:Fitting Model
2020-11-12 22:07:25,693:INFO:<catboost.core.CatBoostClassifier object at 0x0000013342FEECC0>
2020-11-12 22:07:25,693:INFO:create_models() succesfully completed......................................
2020-11-12 22:07:25,821:INFO:Initializing create_model()
2020-11-12 22:07:25,822:INFO:create_model(kwargs={}, display=None, metrics=None, system=False, verbose=False, refit=True, groups=None, fit_kwargs={}, predict=False, cross_validation=False, round=4, fold=StratifiedKFold(n_splits=10, random_state=1851, shuffle=False), estimator=LGBMClassifier(boosting_type='gbdt', class_weight=None, colsample_bytree=1.0,
               importance_type='split', learning_rate=0.1, max_depth=-1,
               min_child_samples=20, min_child_weight=0.001, min_split_gain=0.0,
               n_estimators=100, n_jobs=-1, num_leaves=31, objective=None,
               random_state=1851, reg_alpha=0.0, reg_lambda=0.0, silent=True,
               subsample=1.0, subsample_for_bin=200000, subsample_freq=0))
2020-11-12 22:07:25,822:INFO:Checking exceptions
2020-11-12 22:07:25,822:INFO:Importing libraries
2020-11-12 22:07:25,822:INFO:Copying training dataset
2020-11-12 22:07:25,838:INFO:Defining folds
2020-11-12 22:07:25,838:INFO:Declaring metric variables
2020-11-12 22:07:25,839:INFO:Importing untrained model
2020-11-12 22:07:25,839:INFO:Declaring custom model
2020-11-12 22:07:25,843:INFO:Light Gradient Boosting Machine Imported succesfully
2020-11-12 22:07:25,844:INFO:Cross validation set to False
2020-11-12 22:07:25,844:INFO:Fitting Model
2020-11-12 22:07:27,570:INFO:LGBMClassifier(boosting_type='gbdt', class_weight=None, colsample_bytree=1.0,
               importance_type='split', learning_rate=0.1, max_depth=-1,
               min_child_samples=20, min_child_weight=0.001, min_split_gain=0.0,
               n_estimators=100, n_jobs=-1, num_leaves=31, objective=None,
               random_state=1851, reg_alpha=0.0, reg_lambda=0.0, silent=True,
               subsample=1.0, subsample_for_bin=200000, subsample_freq=0)
2020-11-12 22:07:27,571:INFO:create_models() succesfully completed......................................
2020-11-12 22:07:27,720:INFO:Initializing create_model()
2020-11-12 22:07:27,720:INFO:create_model(kwargs={}, display=None, metrics=None, system=False, verbose=False, refit=True, groups=None, fit_kwargs={}, predict=False, cross_validation=False, round=4, fold=StratifiedKFold(n_splits=10, random_state=1851, shuffle=False), estimator=GradientBoostingClassifier(ccp_alpha=0.0, criterion='friedman_mse', init=None,
                           learning_rate=0.1, loss='deviance', max_depth=3,
                           max_features=None, max_leaf_nodes=None,
                           min_impurity_decrease=0.0, min_impurity_split=None,
                           min_samples_leaf=1, min_samples_split=2,
                           min_weight_fraction_leaf=0.0, n_estimators=100,
                           n_iter_no_change=None, presort='deprecated',
                           random_state=1851, subsample=1.0, tol=0.0001,
                           validation_fraction=0.1, verbose=0,
                           warm_start=False))
2020-11-12 22:07:27,721:INFO:Checking exceptions
2020-11-12 22:07:27,721:INFO:Importing libraries
2020-11-12 22:07:27,721:INFO:Copying training dataset
2020-11-12 22:07:27,740:INFO:Defining folds
2020-11-12 22:07:27,741:INFO:Declaring metric variables
2020-11-12 22:07:27,741:INFO:Importing untrained model
2020-11-12 22:07:27,741:INFO:Declaring custom model
2020-11-12 22:07:27,744:INFO:Gradient Boosting Classifier Imported succesfully
2020-11-12 22:07:27,745:INFO:Cross validation set to False
2020-11-12 22:07:27,745:INFO:Fitting Model
2020-11-12 22:08:17,017:INFO:GradientBoostingClassifier(ccp_alpha=0.0, criterion='friedman_mse', init=None,
                           learning_rate=0.1, loss='deviance', max_depth=3,
                           max_features=None, max_leaf_nodes=None,
                           min_impurity_decrease=0.0, min_impurity_split=None,
                           min_samples_leaf=1, min_samples_split=2,
                           min_weight_fraction_leaf=0.0, n_estimators=100,
                           n_iter_no_change=None, presort='deprecated',
                           random_state=1851, subsample=1.0, tol=0.0001,
                           validation_fraction=0.1, verbose=0,
                           warm_start=False)
2020-11-12 22:08:17,017:INFO:create_models() succesfully completed......................................
2020-11-12 22:08:17,435:INFO:create_model_container: 31
2020-11-12 22:08:17,435:INFO:master_model_container: 31
2020-11-12 22:08:17,436:INFO:display_container: 6
2020-11-12 22:08:17,439:INFO:[<catboost.core.CatBoostClassifier object at 0x0000013342FEECC0>, LGBMClassifier(boosting_type='gbdt', class_weight=None, colsample_bytree=1.0,
               importance_type='split', learning_rate=0.1, max_depth=-1,
               min_child_samples=20, min_child_weight=0.001, min_split_gain=0.0,
               n_estimators=100, n_jobs=-1, num_leaves=31, objective=None,
               random_state=1851, reg_alpha=0.0, reg_lambda=0.0, silent=True,
               subsample=1.0, subsample_for_bin=200000, subsample_freq=0), GradientBoostingClassifier(ccp_alpha=0.0, criterion='friedman_mse', init=None,
                           learning_rate=0.1, loss='deviance', max_depth=3,
                           max_features=None, max_leaf_nodes=None,
                           min_impurity_decrease=0.0, min_impurity_split=None,
                           min_samples_leaf=1, min_samples_split=2,
                           min_weight_fraction_leaf=0.0, n_estimators=100,
                           n_iter_no_change=None, presort='deprecated',
                           random_state=1851, subsample=1.0, tol=0.0001,
                           validation_fraction=0.1, verbose=0,
                           warm_start=False)]
2020-11-12 22:08:17,440:INFO:compare_models() succesfully completed......................................
2020-11-12 22:17:23,103:INFO:Initializing blend_models()
2020-11-12 22:17:23,104:INFO:blend_models(display=None, verbose=True, groups=None, fit_kwargs=None, weights=None, method=soft, optimize=Accuracy, choose_better=False, round=4, fold=3, estimator_list=[<catboost.core.CatBoostClassifier object at 0x0000013342FEECC0>, LGBMClassifier(boosting_type='gbdt', class_weight=None, colsample_bytree=1.0,
               importance_type='split', learning_rate=0.1, max_depth=-1,
               min_child_samples=20, min_child_weight=0.001, min_split_gain=0.0,
               n_estimators=100, n_jobs=-1, num_leaves=31, objective=None,
               random_state=1851, reg_alpha=0.0, reg_lambda=0.0, silent=True,
               subsample=1.0, subsample_for_bin=200000, subsample_freq=0), GradientBoostingClassifier(ccp_alpha=0.0, criterion='friedman_mse', init=None,
                           learning_rate=0.1, loss='deviance', max_depth=3,
                           max_features=None, max_leaf_nodes=None,
                           min_impurity_decrease=0.0, min_impurity_split=None,
                           min_samples_leaf=1, min_samples_split=2,
                           min_weight_fraction_leaf=0.0, n_estimators=100,
                           n_iter_no_change=None, presort='deprecated',
                           random_state=1851, subsample=1.0, tol=0.0001,
                           validation_fraction=0.1, verbose=0,
                           warm_start=False)])
2020-11-12 22:17:23,104:INFO:Checking exceptions
2020-11-12 22:17:23,108:INFO:Preparing display monitor
2020-11-12 22:17:23,157:INFO:Importing libraries
2020-11-12 22:17:23,157:INFO:Copying training dataset
2020-11-12 22:17:23,200:INFO:Getting model names
2020-11-12 22:17:23,221:INFO:SubProcess create_model() called ==================================
2020-11-12 22:17:23,234:INFO:Initializing create_model()
2020-11-12 22:17:23,235:INFO:create_model(kwargs={}, display=<pycaret.internal.Display.Display object at 0x0000013348E905F8>, metrics=None, system=False, verbose=True, refit=True, groups=None, fit_kwargs={}, predict=True, cross_validation=True, round=4, fold=StratifiedKFold(n_splits=3, random_state=1851, shuffle=False), estimator=TunableVotingClassifier(estimators=[('catboost',
                                     <catboost.core.CatBoostClassifier object at 0x0000013342FEECC0>),
                                    ('lightgbm',
                                     LGBMClassifier(boosting_type='gbdt',
                                                    class_weight=None,
                                                    colsample_bytree=1.0,
                                                    importance_type='split',
                                                    learning_rate=0.1,
                                                    max_depth=-1,
                                                    min_child_samples=20,
                                                    min_child_weight=0.001,
                                                    min_split_gain=0.0,
                                                    n_estimators=100, n_jobs=-1,
                                                    num_leav...
                                                                min_impurity_split=None,
                                                                min_samples_leaf=1,
                                                                min_samples_split=2,
                                                                min_weight_fraction_leaf=0.0,
                                                                n_estimators=100,
                                                                n_iter_no_change=None,
                                                                presort='deprecated',
                                                                random_state=1851,
                                                                subsample=1.0,
                                                                tol=0.0001,
                                                                validation_fraction=0.1,
                                                                verbose=0,
                                                                warm_start=False))],
                        flatten_transform=True, n_jobs=-1, verbose=False,
                        voting='soft', weight_0=1, weight_1=1, weight_2=1,
                        weights=[1, 1, 1]))
2020-11-12 22:17:23,235:INFO:Checking exceptions
2020-11-12 22:17:23,235:INFO:Importing libraries
2020-11-12 22:17:23,235:INFO:Copying training dataset
2020-11-12 22:17:23,257:INFO:Defining folds
2020-11-12 22:17:23,258:INFO:Declaring metric variables
2020-11-12 22:17:23,280:INFO:Importing untrained model
2020-11-12 22:17:23,280:INFO:Declaring custom model
2020-11-12 22:17:23,306:INFO:Voting Classifier Imported succesfully
2020-11-12 22:17:23,349:INFO:Starting cross validation
2020-11-12 22:17:23,350:INFO:Cross validating with StratifiedKFold(n_splits=3, random_state=1851, shuffle=False), n_jobs=-1
2020-11-12 22:19:31,198:INFO:Calculating mean and std
2020-11-12 22:19:31,201:INFO:Creating metrics dataframe
2020-11-12 22:19:31,234:INFO:Finalizing model
2020-11-12 22:21:01,783:INFO:Uploading results into container
2020-11-12 22:21:01,783:INFO:Uploading model into container now
2020-11-12 22:21:01,784:INFO:create_model_container: 32
2020-11-12 22:21:01,784:INFO:master_model_container: 32
2020-11-12 22:21:01,784:INFO:display_container: 7
2020-11-12 22:21:01,797:INFO:TunableVotingClassifier(estimators=[('catboost',
                                     <catboost.core.CatBoostClassifier object at 0x00000133492C7710>),
                                    ('lightgbm',
                                     LGBMClassifier(boosting_type='gbdt',
                                                    class_weight=None,
                                                    colsample_bytree=1.0,
                                                    importance_type='split',
                                                    learning_rate=0.1,
                                                    max_depth=-1,
                                                    min_child_samples=20,
                                                    min_child_weight=0.001,
                                                    min_split_gain=0.0,
                                                    n_estimators=100, n_jobs=-1,
                                                    num_leav...
                                                                min_impurity_split=None,
                                                                min_samples_leaf=1,
                                                                min_samples_split=2,
                                                                min_weight_fraction_leaf=0.0,
                                                                n_estimators=100,
                                                                n_iter_no_change=None,
                                                                presort='deprecated',
                                                                random_state=1851,
                                                                subsample=1.0,
                                                                tol=0.0001,
                                                                validation_fraction=0.1,
                                                                verbose=0,
                                                                warm_start=False))],
                        flatten_transform=True, n_jobs=-1, verbose=False,
                        voting='soft', weight_0=1, weight_1=1, weight_2=1,
                        weights=[1, 1, 1])
2020-11-12 22:21:01,797:INFO:create_model() succesfully completed......................................
2020-11-12 22:21:01,970:INFO:SubProcess create_model() end ==================================
2020-11-12 22:21:02,012:INFO:create_model_container: 32
2020-11-12 22:21:02,012:INFO:master_model_container: 32
2020-11-12 22:21:02,012:INFO:display_container: 7
2020-11-12 22:21:02,020:INFO:TunableVotingClassifier(estimators=[('catboost',
                                     <catboost.core.CatBoostClassifier object at 0x00000133492C7710>),
                                    ('lightgbm',
                                     LGBMClassifier(boosting_type='gbdt',
                                                    class_weight=None,
                                                    colsample_bytree=1.0,
                                                    importance_type='split',
                                                    learning_rate=0.1,
                                                    max_depth=-1,
                                                    min_child_samples=20,
                                                    min_child_weight=0.001,
                                                    min_split_gain=0.0,
                                                    n_estimators=100, n_jobs=-1,
                                                    num_leav...
                                                                min_impurity_split=None,
                                                                min_samples_leaf=1,
                                                                min_samples_split=2,
                                                                min_weight_fraction_leaf=0.0,
                                                                n_estimators=100,
                                                                n_iter_no_change=None,
                                                                presort='deprecated',
                                                                random_state=1851,
                                                                subsample=1.0,
                                                                tol=0.0001,
                                                                validation_fraction=0.1,
                                                                verbose=0,
                                                                warm_start=False))],
                        flatten_transform=True, n_jobs=-1, verbose=False,
                        voting='soft', weight_0=1, weight_1=1, weight_2=1,
                        weights=[1, 1, 1])
2020-11-12 22:21:02,021:INFO:blend_models() succesfully completed......................................
2020-11-12 22:21:02,204:INFO:Initializing predict_model()
2020-11-12 22:21:02,204:INFO:predict_model(display=None, ml_usecase=MLUsecase.CLASSIFICATION, verbose=True, round=4, encoded_labels=False, probability_threshold=None, estimator=TunableVotingClassifier(estimators=[('catboost',
                                     <catboost.core.CatBoostClassifier object at 0x00000133492C7710>),
                                    ('lightgbm',
                                     LGBMClassifier(boosting_type='gbdt',
                                                    class_weight=None,
                                                    colsample_bytree=1.0,
                                                    importance_type='split',
                                                    learning_rate=0.1,
                                                    max_depth=-1,
                                                    min_child_samples=20,
                                                    min_child_weight=0.001,
                                                    min_split_gain=0.0,
                                                    n_estimators=100, n_jobs=-1,
                                                    num_leav...
                                                                min_impurity_split=None,
                                                                min_samples_leaf=1,
                                                                min_samples_split=2,
                                                                min_weight_fraction_leaf=0.0,
                                                                n_estimators=100,
                                                                n_iter_no_change=None,
                                                                presort='deprecated',
                                                                random_state=1851,
                                                                subsample=1.0,
                                                                tol=0.0001,
                                                                validation_fraction=0.1,
                                                                verbose=0,
                                                                warm_start=False))],
                        flatten_transform=True, n_jobs=-1, verbose=False,
                        voting='soft', weight_0=1, weight_1=1, weight_2=1,
                        weights=[1, 1, 1]))
2020-11-12 22:21:02,204:INFO:Checking exceptions
2020-11-12 22:21:02,205:INFO:Preloading libraries
2020-11-12 22:21:02,205:INFO:Preparing display monitor
2020-11-12 22:21:03,195:INFO:Initializing finalize_model()
2020-11-12 22:21:03,196:INFO:finalize_model(display=None, model_only=True, groups=None, fit_kwargs=None, estimator=TunableVotingClassifier(estimators=[('catboost',
                                     <catboost.core.CatBoostClassifier object at 0x00000133492C7710>),
                                    ('lightgbm',
                                     LGBMClassifier(boosting_type='gbdt',
                                                    class_weight=None,
                                                    colsample_bytree=1.0,
                                                    importance_type='split',
                                                    learning_rate=0.1,
                                                    max_depth=-1,
                                                    min_child_samples=20,
                                                    min_child_weight=0.001,
                                                    min_split_gain=0.0,
                                                    n_estimators=100, n_jobs=-1,
                                                    num_leav...
                                                                min_impurity_split=None,
                                                                min_samples_leaf=1,
                                                                min_samples_split=2,
                                                                min_weight_fraction_leaf=0.0,
                                                                n_estimators=100,
                                                                n_iter_no_change=None,
                                                                presort='deprecated',
                                                                random_state=1851,
                                                                subsample=1.0,
                                                                tol=0.0001,
                                                                validation_fraction=0.1,
                                                                verbose=0,
                                                                warm_start=False))],
                        flatten_transform=True, n_jobs=-1, verbose=False,
                        voting='soft', weight_0=1, weight_1=1, weight_2=1,
                        weights=[1, 1, 1]))
2020-11-12 22:21:03,210:INFO:Finalizing TunableVotingClassifier(estimators=[('catboost',
                                     <catboost.core.CatBoostClassifier object at 0x00000133492C7710>),
                                    ('lightgbm',
                                     LGBMClassifier(boosting_type='gbdt',
                                                    class_weight=None,
                                                    colsample_bytree=1.0,
                                                    importance_type='split',
                                                    learning_rate=0.1,
                                                    max_depth=-1,
                                                    min_child_samples=20,
                                                    min_child_weight=0.001,
                                                    min_split_gain=0.0,
                                                    n_estimators=100, n_jobs=-1,
                                                    num_leav...
                                                                min_impurity_split=None,
                                                                min_samples_leaf=1,
                                                                min_samples_split=2,
                                                                min_weight_fraction_leaf=0.0,
                                                                n_estimators=100,
                                                                n_iter_no_change=None,
                                                                presort='deprecated',
                                                                random_state=1851,
                                                                subsample=1.0,
                                                                tol=0.0001,
                                                                validation_fraction=0.1,
                                                                verbose=0,
                                                                warm_start=False))],
                        flatten_transform=True, n_jobs=-1, verbose=False,
                        voting='soft', weight_0=1, weight_1=1, weight_2=1,
                        weights=[1, 1, 1])
2020-11-12 22:21:03,225:INFO:Initializing create_model()
2020-11-12 22:21:03,225:INFO:create_model(kwargs={}, display=None, metrics=None, system=False, verbose=False, refit=True, groups=None, fit_kwargs={}, predict=True, cross_validation=True, round=4, fold=None, estimator=TunableVotingClassifier(estimators=[('catboost',
                                     <catboost.core.CatBoostClassifier object at 0x00000133492C7710>),
                                    ('lightgbm',
                                     LGBMClassifier(boosting_type='gbdt',
                                                    class_weight=None,
                                                    colsample_bytree=1.0,
                                                    importance_type='split',
                                                    learning_rate=0.1,
                                                    max_depth=-1,
                                                    min_child_samples=20,
                                                    min_child_weight=0.001,
                                                    min_split_gain=0.0,
                                                    n_estimators=100, n_jobs=-1,
                                                    num_leav...
                                                                min_impurity_split=None,
                                                                min_samples_leaf=1,
                                                                min_samples_split=2,
                                                                min_weight_fraction_leaf=0.0,
                                                                n_estimators=100,
                                                                n_iter_no_change=None,
                                                                presort='deprecated',
                                                                random_state=1851,
                                                                subsample=1.0,
                                                                tol=0.0001,
                                                                validation_fraction=0.1,
                                                                verbose=0,
                                                                warm_start=False))],
                        flatten_transform=True, n_jobs=-1, verbose=False,
                        voting='soft', weight_0=1, weight_1=1, weight_2=1,
                        weights=[1, 1, 1]))
2020-11-12 22:21:03,225:INFO:Checking exceptions
2020-11-12 22:21:03,226:INFO:Importing libraries
2020-11-12 22:21:03,226:INFO:Copying training dataset
2020-11-12 22:21:03,264:INFO:Defining folds
2020-11-12 22:21:03,264:INFO:Declaring metric variables
2020-11-12 22:21:03,265:INFO:Importing untrained model
2020-11-12 22:21:03,265:INFO:Declaring custom model
2020-11-12 22:21:03,272:INFO:Voting Classifier Imported succesfully
2020-11-12 22:21:03,272:INFO:Starting cross validation
2020-11-12 22:21:03,273:INFO:Cross validating with StratifiedKFold(n_splits=10, random_state=1851, shuffle=False), n_jobs=-1
2020-11-12 22:30:19,625:INFO:Calculating mean and std
2020-11-12 22:30:19,626:INFO:Creating metrics dataframe
2020-11-12 22:30:19,643:INFO:Finalizing model
2020-11-12 22:32:18,675:INFO:Uploading results into container
2020-11-12 22:32:18,675:INFO:Uploading model into container now
2020-11-12 22:32:18,676:INFO:create_model_container: 33
2020-11-12 22:32:18,676:INFO:master_model_container: 33
2020-11-12 22:32:18,676:INFO:display_container: 9
2020-11-12 22:32:18,688:INFO:TunableVotingClassifier(estimators=[('catboost',
                                     <catboost.core.CatBoostClassifier object at 0x0000013342FE58D0>),
                                    ('lightgbm',
                                     LGBMClassifier(boosting_type='gbdt',
                                                    class_weight=None,
                                                    colsample_bytree=1.0,
                                                    importance_type='split',
                                                    learning_rate=0.1,
                                                    max_depth=-1,
                                                    min_child_samples=20,
                                                    min_child_weight=0.001,
                                                    min_split_gain=0.0,
                                                    n_estimators=100, n_jobs=-1,
                                                    num_leav...
                                                                min_impurity_split=None,
                                                                min_samples_leaf=1,
                                                                min_samples_split=2,
                                                                min_weight_fraction_leaf=0.0,
                                                                n_estimators=100,
                                                                n_iter_no_change=None,
                                                                presort='deprecated',
                                                                random_state=1851,
                                                                subsample=1.0,
                                                                tol=0.0001,
                                                                validation_fraction=0.1,
                                                                verbose=0,
                                                                warm_start=False))],
                        flatten_transform=True, n_jobs=-1, verbose=False,
                        voting='soft', weight_0=1, weight_1=1, weight_2=1,
                        weights=[1, 1, 1])
2020-11-12 22:32:18,689:INFO:create_model() succesfully completed......................................
2020-11-12 22:32:18,824:INFO:create_model_container: 33
2020-11-12 22:32:18,824:INFO:master_model_container: 33
2020-11-12 22:32:18,824:INFO:display_container: 8
2020-11-12 22:32:18,837:INFO:TunableVotingClassifier(estimators=[('catboost',
                                     <catboost.core.CatBoostClassifier object at 0x0000013342FE58D0>),
                                    ('lightgbm',
                                     LGBMClassifier(boosting_type='gbdt',
                                                    class_weight=None,
                                                    colsample_bytree=1.0,
                                                    importance_type='split',
                                                    learning_rate=0.1,
                                                    max_depth=-1,
                                                    min_child_samples=20,
                                                    min_child_weight=0.001,
                                                    min_split_gain=0.0,
                                                    n_estimators=100, n_jobs=-1,
                                                    num_leav...
                                                                min_impurity_split=None,
                                                                min_samples_leaf=1,
                                                                min_samples_split=2,
                                                                min_weight_fraction_leaf=0.0,
                                                                n_estimators=100,
                                                                n_iter_no_change=None,
                                                                presort='deprecated',
                                                                random_state=1851,
                                                                subsample=1.0,
                                                                tol=0.0001,
                                                                validation_fraction=0.1,
                                                                verbose=0,
                                                                warm_start=False))],
                        flatten_transform=True, n_jobs=-1, verbose=False,
                        voting='soft', weight_0=1, weight_1=1, weight_2=1,
                        weights=[1, 1, 1])
2020-11-12 22:32:18,838:INFO:finalize_model() succesfully completed......................................
2020-11-12 22:32:18,987:INFO:Initializing predict_model()
2020-11-12 22:32:18,987:INFO:predict_model(display=None, ml_usecase=MLUsecase.CLASSIFICATION, verbose=True, round=4, encoded_labels=False, probability_threshold=None, estimator=TunableVotingClassifier(estimators=[('catboost',
                                     <catboost.core.CatBoostClassifier object at 0x0000013342FE58D0>),
                                    ('lightgbm',
                                     LGBMClassifier(boosting_type='gbdt',
                                                    class_weight=None,
                                                    colsample_bytree=1.0,
                                                    importance_type='split',
                                                    learning_rate=0.1,
                                                    max_depth=-1,
                                                    min_child_samples=20,
                                                    min_child_weight=0.001,
                                                    min_split_gain=0.0,
                                                    n_estimators=100, n_jobs=-1,
                                                    num_leav...
                                                                min_impurity_split=None,
                                                                min_samples_leaf=1,
                                                                min_samples_split=2,
                                                                min_weight_fraction_leaf=0.0,
                                                                n_estimators=100,
                                                                n_iter_no_change=None,
                                                                presort='deprecated',
                                                                random_state=1851,
                                                                subsample=1.0,
                                                                tol=0.0001,
                                                                validation_fraction=0.1,
                                                                verbose=0,
                                                                warm_start=False))],
                        flatten_transform=True, n_jobs=-1, verbose=False,
                        voting='soft', weight_0=1, weight_1=1, weight_2=1,
                        weights=[1, 1, 1]))
2020-11-12 22:32:18,988:INFO:Checking exceptions
2020-11-12 22:32:18,988:INFO:Preloading libraries
2020-11-12 22:32:18,988:INFO:Preparing display monitor
